2021-06-08 20:13:40,986 INFO Lesson2 [main] –ó–∞–ø—É—Å–∫ ChromeDriver –ø–µ—Ä–µ–¥ —Ç–µ—Å—Ç–æ–º
2021-06-08 20:14:09,128 INFO Lesson2 [main] –û—Ç–∫—Ä—ã–≤–∞–µ–º —Å–∞–π—Ç
2021-06-08 20:14:09,217 INFO Lesson2 [main] –î–µ–ª–∞–µ–º –ø—Ä–æ–≤–µ—Ä–∫—É,—á—Ç–æ –∑–∞–≥–æ–ª–æ–≤–æ–∫ —Å—Ç—Ä–∞–Ω–∏—Ü—ã —Å–æ–≤–ø–∞–¥–∞–µ—Ç —Å
2021-06-08 20:14:09,221 INFO Lesson2 [main] –ó–∞–∫—Ä—ã–≤–∞–µ–º Chrome-–¥—Ä–∞–π–≤–µ—Ä
2021-06-08 20:30:10,794 INFO Lesson2 [main] –ó–∞–ø—É—Å–∫ ChromeDriver –ø–µ—Ä–µ–¥ —Ç–µ—Å—Ç–æ–º
2021-06-08 20:30:31,738 INFO Lesson2 [main] –û—Ç–∫—Ä—ã–≤–∞–µ–º —Å–∞–π—Ç otus.ru
2021-06-08 20:30:31,836 INFO Lesson2 [main] –ü—Ä–æ–≤–µ—Ä—è–µ–º, —á—Ç–æ —Å–∞–π—Ç –æ—Ç–∫—Ä—ã—Ç
2021-06-08 20:30:31,838 INFO Lesson2 [main] –ó–∞–∫—Ä—ã–≤–∞–µ–º ChromeDriver –ø–æ—Å–ª–µ —Ç–µ—Å—Ç–∞
2021-06-20 12:14:13,141 INFO Lesson2 [main] –ó–∞–ø—É—Å–∫ ChromeDriver –ø–µ—Ä–µ–¥ —Ç–µ—Å—Ç–æ–º
2021-06-20 12:14:24,486 INFO Lesson2 [main] –û—Ç–∫—Ä—ã–≤–∞–µ–º —Å–∞–π—Ç otus.ru
2021-06-20 12:14:24,599 INFO Lesson2 [main] –ü—Ä–æ–≤–µ—Ä—è–µ–º, —á—Ç–æ —Å–∞–π—Ç –æ—Ç–∫—Ä—ã—Ç
2021-06-20 12:14:24,851 INFO Lesson2 [main] –ó–∞–∫—Ä—ã–≤–∞–µ–º ChromeDriver –ø–æ—Å–ª–µ —Ç–µ—Å—Ç–∞
2021-06-20 12:15:16,933 INFO Lesson2 [main] –ó–∞–ø—É—Å–∫ ChromeDriver –ø–µ—Ä–µ–¥ —Ç–µ—Å—Ç–æ–º
2021-06-20 12:15:24,614 INFO Lesson2 [main] –û—Ç–∫—Ä—ã–≤–∞–µ–º —Å–∞–π—Ç otus.ru
2021-06-20 12:15:25,810 INFO Lesson2 [main] –ü—Ä–æ–≤–µ—Ä—è–µ–º, —á—Ç–æ —Å–∞–π—Ç –æ—Ç–∫—Ä—ã—Ç
2021-06-20 12:15:26,737 INFO Lesson2 [main] –ó–∞–∫—Ä—ã–≤–∞–µ–º ChromeDriver –ø–æ—Å–ª–µ —Ç–µ—Å—Ç–∞
2021-06-20 12:17:31,895 INFO Lesson2 [main] –ó–∞–ø—É—Å–∫ ChromeDriver –ø–µ—Ä–µ–¥ —Ç–µ—Å—Ç–æ–º
2021-06-20 12:17:38,178 INFO Lesson2 [main] –û—Ç–∫—Ä—ã–≤–∞–µ–º —Å–∞–π—Ç otus.ru
2021-06-20 12:17:38,360 INFO Lesson2 [main] –ü—Ä–æ–≤–µ—Ä—è–µ–º, —á—Ç–æ —Å–∞–π—Ç –æ—Ç–∫—Ä—ã—Ç
2021-06-20 12:17:39,824 INFO Lesson2 [main] –ó–∞–∫—Ä—ã–≤–∞–µ–º ChromeDriver –ø–æ—Å–ª–µ —Ç–µ—Å—Ç–∞
2021-06-20 12:22:57,566 INFO Lesson2 [main] –ó–∞–ø—É—Å–∫ ChromeDriver –ø–µ—Ä–µ–¥ —Ç–µ—Å—Ç–æ–º
2021-06-20 12:23:04,919 INFO Lesson2 [main] –û—Ç–∫—Ä—ã–≤–∞–µ–º —Å–∞–π—Ç otus.ru
2021-06-20 12:23:06,242 INFO Lesson2 [main] –ü—Ä–æ–≤–µ—Ä—è–µ–º, —á—Ç–æ —Å–∞–π—Ç –æ—Ç–∫—Ä—ã—Ç
2021-06-20 12:23:06,847 INFO Lesson2 [main] –ó–∞–∫—Ä—ã–≤–∞–µ–º ChromeDriver –ø–æ—Å–ª–µ —Ç–µ—Å—Ç–∞
2021-06-20 12:29:59,731 INFO Lesson2 [main] –ó–∞–ø—É—Å–∫ ChromeDriver –ø–µ—Ä–µ–¥ —Ç–µ—Å—Ç–æ–º
2021-06-20 12:30:07,066 INFO Lesson2 [main] –û—Ç–∫—Ä—ã–≤–∞–µ–º —Å–∞–π—Ç otus.ru
2021-06-20 12:30:08,242 INFO Lesson2 [main] –ü—Ä–æ–≤–µ—Ä—è–µ–º, —á—Ç–æ —Å–∞–π—Ç –æ—Ç–∫—Ä—ã—Ç
2021-06-20 12:30:16,701 INFO Lesson2 [main] –ó–∞–∫—Ä—ã–≤–∞–µ–º ChromeDriver –ø–æ—Å–ª–µ —Ç–µ—Å—Ç–∞
2021-06-20 12:31:34,783 INFO Lesson2 [main] –ó–∞–ø—É—Å–∫ ChromeDriver –ø–µ—Ä–µ–¥ —Ç–µ—Å—Ç–æ–º
2021-06-20 12:31:40,648 INFO Lesson2 [main] –û—Ç–∫—Ä—ã–≤–∞–µ–º —Å–∞–π—Ç otus.ru
2021-06-20 12:31:40,747 INFO Lesson2 [main] –ü—Ä–æ–≤–µ—Ä—è–µ–º, —á—Ç–æ —Å–∞–π—Ç –æ—Ç–∫—Ä—ã—Ç
2021-06-20 12:31:49,790 INFO Lesson2 [main] –ó–∞–∫—Ä—ã–≤–∞–µ–º ChromeDriver –ø–æ—Å–ª–µ —Ç–µ—Å—Ç–∞
2021-06-20 12:36:34,389 INFO Lesson2 [main] –ó–∞–ø—É—Å–∫ ChromeDriver –ø–µ—Ä–µ–¥ —Ç–µ—Å—Ç–æ–º
2021-06-20 12:36:40,792 INFO Lesson2 [main] –û—Ç–∫—Ä—ã–≤–∞–µ–º —Å–∞–π—Ç otus.ru
2021-06-20 12:36:40,920 INFO Lesson2 [main] –ü—Ä–æ–≤–µ—Ä—è–µ–º, —á—Ç–æ —Å–∞–π—Ç –æ—Ç–∫—Ä—ã—Ç
2021-06-20 12:36:49,507 INFO Lesson2 [main] –ó–∞–∫—Ä—ã–≤–∞–µ–º ChromeDriver –ø–æ—Å–ª–µ —Ç–µ—Å—Ç–∞
2021-06-20 12:39:14,370 INFO Lesson2 [main] –ó–∞–ø—É—Å–∫ ChromeDriver –ø–µ—Ä–µ–¥ —Ç–µ—Å—Ç–æ–º
2021-06-20 12:39:20,594 INFO Lesson2 [main] –û—Ç–∫—Ä—ã–≤–∞–µ–º —Å–∞–π—Ç otus.ru
2021-06-20 12:39:20,678 INFO Lesson2 [main] –ü—Ä–æ–≤–µ—Ä—è–µ–º, —á—Ç–æ —Å–∞–π—Ç –æ—Ç–∫—Ä—ã—Ç
2021-06-20 12:39:30,923 INFO Lesson2 [main] –ó–∞–∫—Ä—ã–≤–∞–µ–º ChromeDriver –ø–æ—Å–ª–µ —Ç–µ—Å—Ç–∞
2021-06-20 12:40:18,363 INFO Lesson2 [main] –ó–∞–ø—É—Å–∫ ChromeDriver –ø–µ—Ä–µ–¥ —Ç–µ—Å—Ç–æ–º
2021-06-20 12:40:25,280 INFO Lesson2 [main] –û—Ç–∫—Ä—ã–≤–∞–µ–º —Å–∞–π—Ç otus.ru
2021-06-20 12:40:26,940 INFO Lesson2 [main] –ü—Ä–æ–≤–µ—Ä—è–µ–º, —á—Ç–æ —Å–∞–π—Ç –æ—Ç–∫—Ä—ã—Ç
2021-06-20 12:40:34,719 INFO Lesson2 [main] –ó–∞–∫—Ä—ã–≤–∞–µ–º ChromeDriver –ø–æ—Å–ª–µ —Ç–µ—Å—Ç–∞
2021-06-20 12:41:30,079 INFO Lesson2 [main] –ó–∞–ø—É—Å–∫ ChromeDriver –ø–µ—Ä–µ–¥ —Ç–µ—Å—Ç–æ–º
2021-06-20 12:41:36,067 INFO Lesson2 [main] –û—Ç–∫—Ä—ã–≤–∞–µ–º —Å–∞–π—Ç otus.ru
2021-06-20 12:41:36,162 INFO Lesson2 [main] –ü—Ä–æ–≤–µ—Ä—è–µ–º, —á—Ç–æ —Å–∞–π—Ç –æ—Ç–∫—Ä—ã—Ç
2021-06-20 12:41:44,976 INFO Lesson2 [main] –ó–∞–∫—Ä—ã–≤–∞–µ–º ChromeDriver –ø–æ—Å–ª–µ —Ç–µ—Å—Ç–∞
2021-06-20 12:47:06,638 INFO Lesson2 [main] –ó–∞–ø—É—Å–∫ ChromeDriver –ø–µ—Ä–µ–¥ —Ç–µ—Å—Ç–æ–º
2021-06-20 12:47:14,126 INFO Lesson2 [main] –û—Ç–∫—Ä—ã–≤–∞–µ–º —Å–∞–π—Ç otus.ru
2021-06-20 12:47:14,921 INFO Lesson2 [main] –ü—Ä–æ–≤–µ—Ä—è–µ–º, —á—Ç–æ —Å–∞–π—Ç –æ—Ç–∫—Ä—ã—Ç
2021-06-20 12:47:22,220 INFO Lesson2 [main] –í–∫–æ–Ω—Ç–∞–∫—Ç–µ
Facebook
–û–ö
–î–∑–µ–Ω
YouTube
–ö–∞–Ω–∞–ª –≤ Telegram
–ì—Ä—É–ø–ø–∞ –≤ Telegram
2021-06-20 12:47:22,222 INFO Lesson2 [main] –ó–∞–∫—Ä—ã–≤–∞–µ–º ChromeDriver –ø–æ—Å–ª–µ —Ç–µ—Å—Ç–∞
2021-06-20 12:49:43,085 INFO Lesson2 [main] –ó–∞–ø—É—Å–∫ ChromeDriver –ø–µ—Ä–µ–¥ —Ç–µ—Å—Ç–æ–º
2021-06-20 12:49:49,828 INFO Lesson2 [main] –û—Ç–∫—Ä—ã–≤–∞–µ–º —Å–∞–π—Ç otus.ru
2021-06-20 12:49:49,916 INFO Lesson2 [main] –ü—Ä–æ–≤–µ—Ä—è–µ–º, —á—Ç–æ —Å–∞–π—Ç –æ—Ç–∫—Ä—ã—Ç
2021-06-20 12:49:56,908 INFO Lesson2 [main] –ó–∞–∫—Ä—ã–≤–∞–µ–º ChromeDriver –ø–æ—Å–ª–µ —Ç–µ—Å—Ç–∞
2021-06-20 12:50:34,836 INFO Lesson2 [main] –ó–∞–ø—É—Å–∫ ChromeDriver –ø–µ—Ä–µ–¥ —Ç–µ—Å—Ç–æ–º
2021-06-20 12:50:40,931 INFO Lesson2 [main] –û—Ç–∫—Ä—ã–≤–∞–µ–º —Å–∞–π—Ç otus.ru
2021-06-20 12:50:41,022 INFO Lesson2 [main] –ü—Ä–æ–≤–µ—Ä—è–µ–º, —á—Ç–æ —Å–∞–π—Ç –æ—Ç–∫—Ä—ã—Ç
2021-06-20 12:50:48,296 INFO Lesson2 [main] –ó–∞–∫—Ä—ã–≤–∞–µ–º ChromeDriver –ø–æ—Å–ª–µ —Ç–µ—Å—Ç–∞
2021-06-20 12:51:32,956 INFO Lesson2 [main] –ó–∞–ø—É—Å–∫ ChromeDriver –ø–µ—Ä–µ–¥ —Ç–µ—Å—Ç–æ–º
2021-06-20 12:51:40,152 INFO Lesson2 [main] –û—Ç–∫—Ä—ã–≤–∞–µ–º —Å–∞–π—Ç otus.ru
2021-06-20 12:51:40,231 INFO Lesson2 [main] –ü—Ä–æ–≤–µ—Ä—è–µ–º, —á—Ç–æ —Å–∞–π—Ç –æ—Ç–∫—Ä—ã—Ç
2021-06-20 12:51:48,851 INFO Lesson2 [main] –ó–∞–∫—Ä—ã–≤–∞–µ–º ChromeDriver –ø–æ—Å–ª–µ —Ç–µ—Å—Ç–∞
2021-06-20 12:52:37,957 INFO Lesson2 [main] –ó–∞–ø—É—Å–∫ ChromeDriver –ø–µ—Ä–µ–¥ —Ç–µ—Å—Ç–æ–º
2021-06-20 12:52:43,645 INFO Lesson2 [main] –û—Ç–∫—Ä—ã–≤–∞–µ–º —Å–∞–π—Ç otus.ru
2021-06-20 12:52:43,737 INFO Lesson2 [main] –ü—Ä–æ–≤–µ—Ä—è–µ–º, —á—Ç–æ —Å–∞–π—Ç –æ—Ç–∫—Ä—ã—Ç
2021-06-20 12:52:52,558 INFO Lesson2 [main] –°–æ—Ü–∏–∞–ª—å–Ω—ã–µ —Å–µ—Ç–∏
–í–∫–æ–Ω—Ç–∞–∫—Ç–µ
Facebook
–û–ö
–î–∑–µ–Ω
YouTube
–ö–∞–Ω–∞–ª –≤ Telegram
–ì—Ä—É–ø–ø–∞ –≤ Telegram
–†–µ–∫–≤–∏–∑–∏—Ç—ã
–û–û–û ¬´–û—Ç—É—Å –æ–Ω–ª–∞–π–Ω-–æ–±—Ä–∞–∑–æ–≤–∞–Ω–∏–µ¬ª
–ò–ù–ù 9705100963
–ö–ü–ü 771401001
–û–ì–†–ù 1177746618576
–û–ö–ü–û 16102045
–û–ö–ê–¢–û 4528650000

–ê–û ¬´–ê–õ–¨–§–ê-–ë–ê–ù–ö¬ª
–†/–° 40702810601300013780
–ö/–° 30101810200000000593
–ë–ò–ö 044525593

2021-08-06 18:40:16,027 INFO c.CarSaleApplication [main] Starting CarSaleApplication using Java 1.8.0_211 on LAPTOP-15JLIKAI with PID 6680 (C:\Users\–ï–ª–µ–Ω–∞\IdeaProjects\Otus\target\classes started by –ï–ª–µ–Ω–∞ in C:\Users\–ï–ª–µ–Ω–∞\IdeaProjects\Otus)
2021-08-06 18:40:16,037 INFO c.CarSaleApplication [main] No active profile set, falling back to default profiles: default
2021-08-06 18:40:18,620 WARN o.s.c.a.AnnotationConfigApplicationContext [main] Exception encountered during context initialization - cancelling refresh attempt: org.springframework.beans.factory.BeanCreationException: Error creating bean with name 'org.springframework.boot.autoconfigure.jackson.JacksonAutoConfiguration': Instantiation of bean failed; nested exception is java.lang.NoSuchFieldError: WRITE_DURATIONS_AS_TIMESTAMPS
2021-08-06 18:40:18,651 INFO o.s.b.a.l.ConditionEvaluationReportLoggingListener [main] 

Error starting ApplicationContext. To display the conditions report re-run your application with 'debug' enabled.
2021-08-06 18:40:18,726 ERROR o.s.b.SpringApplication [main] Application run failed
org.springframework.beans.factory.BeanCreationException: Error creating bean with name 'org.springframework.boot.autoconfigure.jackson.JacksonAutoConfiguration': Instantiation of bean failed; nested exception is java.lang.NoSuchFieldError: WRITE_DURATIONS_AS_TIMESTAMPS
	at org.springframework.beans.factory.support.AbstractAutowireCapableBeanFactory.instantiateBean(AbstractAutowireCapableBeanFactory.java:1316) ~[spring-beans-5.3.8.jar:5.3.8]
	at org.springframework.beans.factory.support.AbstractAutowireCapableBeanFactory.createBeanInstance(AbstractAutowireCapableBeanFactory.java:1214) ~[spring-beans-5.3.8.jar:5.3.8]
	at org.springframework.beans.factory.support.AbstractAutowireCapableBeanFactory.doCreateBean(AbstractAutowireCapableBeanFactory.java:564) ~[spring-beans-5.3.8.jar:5.3.8]
	at org.springframework.beans.factory.support.AbstractAutowireCapableBeanFactory.createBean(AbstractAutowireCapableBeanFactory.java:524) ~[spring-beans-5.3.8.jar:5.3.8]
	at org.springframework.beans.factory.support.AbstractBeanFactory.lambda$doGetBean$0(AbstractBeanFactory.java:335) ~[spring-beans-5.3.8.jar:5.3.8]
	at org.springframework.beans.factory.support.DefaultSingletonBeanRegistry.getSingleton(DefaultSingletonBeanRegistry.java:234) ~[spring-beans-5.3.8.jar:5.3.8]
	at org.springframework.beans.factory.support.AbstractBeanFactory.doGetBean(AbstractBeanFactory.java:333) ~[spring-beans-5.3.8.jar:5.3.8]
	at org.springframework.beans.factory.support.AbstractBeanFactory.getBean(AbstractBeanFactory.java:208) ~[spring-beans-5.3.8.jar:5.3.8]
	at org.springframework.beans.factory.support.DefaultListableBeanFactory.preInstantiateSingletons(DefaultListableBeanFactory.java:944) ~[spring-beans-5.3.8.jar:5.3.8]
	at org.springframework.context.support.AbstractApplicationContext.finishBeanFactoryInitialization(AbstractApplicationContext.java:918) ~[spring-context-5.3.8.jar:5.3.8]
	at org.springframework.context.support.AbstractApplicationContext.refresh(AbstractApplicationContext.java:583) ~[spring-context-5.3.8.jar:5.3.8]
	at org.springframework.boot.SpringApplication.refresh(SpringApplication.java:754) [spring-boot-2.5.2.jar:2.5.2]
	at org.springframework.boot.SpringApplication.refreshContext(SpringApplication.java:434) [spring-boot-2.5.2.jar:2.5.2]
	at org.springframework.boot.SpringApplication.run(SpringApplication.java:338) [spring-boot-2.5.2.jar:2.5.2]
	at org.springframework.boot.SpringApplication.run(SpringApplication.java:1343) [spring-boot-2.5.2.jar:2.5.2]
	at org.springframework.boot.SpringApplication.run(SpringApplication.java:1332) [spring-boot-2.5.2.jar:2.5.2]
	at carSale.CarSaleApplication.main(CarSaleApplication.java:11) [classes/:?]
Caused by: java.lang.NoSuchFieldError: WRITE_DURATIONS_AS_TIMESTAMPS
	at org.springframework.boot.autoconfigure.jackson.JacksonAutoConfiguration.<clinit>(JacksonAutoConfiguration.java:84) ~[spring-boot-autoconfigure-2.5.2.jar:2.5.2]
	at sun.reflect.NativeConstructorAccessorImpl.newInstance0(Native Method) ~[?:1.8.0_211]
	at sun.reflect.NativeConstructorAccessorImpl.newInstance(NativeConstructorAccessorImpl.java:62) ~[?:1.8.0_211]
	at sun.reflect.DelegatingConstructorAccessorImpl.newInstance(DelegatingConstructorAccessorImpl.java:45) ~[?:1.8.0_211]
	at java.lang.reflect.Constructor.newInstance(Constructor.java:423) ~[?:1.8.0_211]
	at org.springframework.beans.BeanUtils.instantiateClass(BeanUtils.java:212) ~[spring-beans-5.3.8.jar:5.3.8]
	at org.springframework.beans.factory.support.SimpleInstantiationStrategy.instantiate(SimpleInstantiationStrategy.java:87) ~[spring-beans-5.3.8.jar:5.3.8]
	at org.springframework.beans.factory.support.AbstractAutowireCapableBeanFactory.instantiateBean(AbstractAutowireCapableBeanFactory.java:1308) ~[spring-beans-5.3.8.jar:5.3.8]
	... 16 more
2021-08-06 20:39:01,555 INFO c.CarSaleApplication [main] Starting CarSaleApplication using Java 1.8.0_211 on LAPTOP-15JLIKAI with PID 19508 (C:\Users\–ï–ª–µ–Ω–∞\IdeaProjects\Otus\target\classes started by –ï–ª–µ–Ω–∞ in C:\Users\–ï–ª–µ–Ω–∞\IdeaProjects\Otus)
2021-08-06 20:39:01,585 INFO c.CarSaleApplication [main] No active profile set, falling back to default profiles: default
2021-08-06 20:39:06,170 WARN o.s.c.a.AnnotationConfigApplicationContext [main] Exception encountered during context initialization - cancelling refresh attempt: org.springframework.beans.factory.BeanCreationException: Error creating bean with name 'org.springframework.boot.autoconfigure.jackson.JacksonAutoConfiguration': Instantiation of bean failed; nested exception is java.lang.NoSuchFieldError: WRITE_DURATIONS_AS_TIMESTAMPS
2021-08-06 20:39:06,242 INFO o.s.b.a.l.ConditionEvaluationReportLoggingListener [main] 

Error starting ApplicationContext. To display the conditions report re-run your application with 'debug' enabled.
2021-08-06 20:39:06,375 ERROR o.s.b.SpringApplication [main] Application run failed
org.springframework.beans.factory.BeanCreationException: Error creating bean with name 'org.springframework.boot.autoconfigure.jackson.JacksonAutoConfiguration': Instantiation of bean failed; nested exception is java.lang.NoSuchFieldError: WRITE_DURATIONS_AS_TIMESTAMPS
	at org.springframework.beans.factory.support.AbstractAutowireCapableBeanFactory.instantiateBean(AbstractAutowireCapableBeanFactory.java:1316) ~[spring-beans-5.3.8.jar:5.3.8]
	at org.springframework.beans.factory.support.AbstractAutowireCapableBeanFactory.createBeanInstance(AbstractAutowireCapableBeanFactory.java:1214) ~[spring-beans-5.3.8.jar:5.3.8]
	at org.springframework.beans.factory.support.AbstractAutowireCapableBeanFactory.doCreateBean(AbstractAutowireCapableBeanFactory.java:564) ~[spring-beans-5.3.8.jar:5.3.8]
	at org.springframework.beans.factory.support.AbstractAutowireCapableBeanFactory.createBean(AbstractAutowireCapableBeanFactory.java:524) ~[spring-beans-5.3.8.jar:5.3.8]
	at org.springframework.beans.factory.support.AbstractBeanFactory.lambda$doGetBean$0(AbstractBeanFactory.java:335) ~[spring-beans-5.3.8.jar:5.3.8]
	at org.springframework.beans.factory.support.DefaultSingletonBeanRegistry.getSingleton(DefaultSingletonBeanRegistry.java:234) ~[spring-beans-5.3.8.jar:5.3.8]
	at org.springframework.beans.factory.support.AbstractBeanFactory.doGetBean(AbstractBeanFactory.java:333) ~[spring-beans-5.3.8.jar:5.3.8]
	at org.springframework.beans.factory.support.AbstractBeanFactory.getBean(AbstractBeanFactory.java:208) ~[spring-beans-5.3.8.jar:5.3.8]
	at org.springframework.beans.factory.support.DefaultListableBeanFactory.preInstantiateSingletons(DefaultListableBeanFactory.java:944) ~[spring-beans-5.3.8.jar:5.3.8]
	at org.springframework.context.support.AbstractApplicationContext.finishBeanFactoryInitialization(AbstractApplicationContext.java:918) ~[spring-context-5.3.8.jar:5.3.8]
	at org.springframework.context.support.AbstractApplicationContext.refresh(AbstractApplicationContext.java:583) ~[spring-context-5.3.8.jar:5.3.8]
	at org.springframework.boot.SpringApplication.refresh(SpringApplication.java:754) [spring-boot-2.5.2.jar:2.5.2]
	at org.springframework.boot.SpringApplication.refreshContext(SpringApplication.java:434) [spring-boot-2.5.2.jar:2.5.2]
	at org.springframework.boot.SpringApplication.run(SpringApplication.java:338) [spring-boot-2.5.2.jar:2.5.2]
	at org.springframework.boot.SpringApplication.run(SpringApplication.java:1343) [spring-boot-2.5.2.jar:2.5.2]
	at org.springframework.boot.SpringApplication.run(SpringApplication.java:1332) [spring-boot-2.5.2.jar:2.5.2]
	at carSale.CarSaleApplication.main(CarSaleApplication.java:11) [classes/:?]
Caused by: java.lang.NoSuchFieldError: WRITE_DURATIONS_AS_TIMESTAMPS
	at org.springframework.boot.autoconfigure.jackson.JacksonAutoConfiguration.<clinit>(JacksonAutoConfiguration.java:84) ~[spring-boot-autoconfigure-2.5.2.jar:2.5.2]
	at sun.reflect.NativeConstructorAccessorImpl.newInstance0(Native Method) ~[?:1.8.0_211]
	at sun.reflect.NativeConstructorAccessorImpl.newInstance(NativeConstructorAccessorImpl.java:62) ~[?:1.8.0_211]
	at sun.reflect.DelegatingConstructorAccessorImpl.newInstance(DelegatingConstructorAccessorImpl.java:45) ~[?:1.8.0_211]
	at java.lang.reflect.Constructor.newInstance(Constructor.java:423) ~[?:1.8.0_211]
	at org.springframework.beans.BeanUtils.instantiateClass(BeanUtils.java:212) ~[spring-beans-5.3.8.jar:5.3.8]
	at org.springframework.beans.factory.support.SimpleInstantiationStrategy.instantiate(SimpleInstantiationStrategy.java:87) ~[spring-beans-5.3.8.jar:5.3.8]
	at org.springframework.beans.factory.support.AbstractAutowireCapableBeanFactory.instantiateBean(AbstractAutowireCapableBeanFactory.java:1308) ~[spring-beans-5.3.8.jar:5.3.8]
	... 16 more
2021-08-06 20:45:26,260 INFO c.CarSaleApplication [main] Starting CarSaleApplication using Java 1.8.0_211 on LAPTOP-15JLIKAI with PID 20984 (C:\Users\–ï–ª–µ–Ω–∞\IdeaProjects\Otus\target\classes started by –ï–ª–µ–Ω–∞ in C:\Users\–ï–ª–µ–Ω–∞\IdeaProjects\Otus)
2021-08-06 20:45:26,284 INFO c.CarSaleApplication [main] No active profile set, falling back to default profiles: default
2021-08-06 20:45:29,534 WARN o.s.c.a.AnnotationConfigApplicationContext [main] Exception encountered during context initialization - cancelling refresh attempt: org.springframework.beans.factory.BeanCreationException: Error creating bean with name 'org.springframework.boot.autoconfigure.jackson.JacksonAutoConfiguration': Instantiation of bean failed; nested exception is java.lang.NoSuchFieldError: WRITE_DURATIONS_AS_TIMESTAMPS
2021-08-06 20:45:29,574 INFO o.s.b.a.l.ConditionEvaluationReportLoggingListener [main] 

Error starting ApplicationContext. To display the conditions report re-run your application with 'debug' enabled.
2021-08-06 20:45:29,646 ERROR o.s.b.SpringApplication [main] Application run failed
org.springframework.beans.factory.BeanCreationException: Error creating bean with name 'org.springframework.boot.autoconfigure.jackson.JacksonAutoConfiguration': Instantiation of bean failed; nested exception is java.lang.NoSuchFieldError: WRITE_DURATIONS_AS_TIMESTAMPS
	at org.springframework.beans.factory.support.AbstractAutowireCapableBeanFactory.instantiateBean(AbstractAutowireCapableBeanFactory.java:1316) ~[spring-beans-5.3.8.jar:5.3.8]
	at org.springframework.beans.factory.support.AbstractAutowireCapableBeanFactory.createBeanInstance(AbstractAutowireCapableBeanFactory.java:1214) ~[spring-beans-5.3.8.jar:5.3.8]
	at org.springframework.beans.factory.support.AbstractAutowireCapableBeanFactory.doCreateBean(AbstractAutowireCapableBeanFactory.java:564) ~[spring-beans-5.3.8.jar:5.3.8]
	at org.springframework.beans.factory.support.AbstractAutowireCapableBeanFactory.createBean(AbstractAutowireCapableBeanFactory.java:524) ~[spring-beans-5.3.8.jar:5.3.8]
	at org.springframework.beans.factory.support.AbstractBeanFactory.lambda$doGetBean$0(AbstractBeanFactory.java:335) ~[spring-beans-5.3.8.jar:5.3.8]
	at org.springframework.beans.factory.support.DefaultSingletonBeanRegistry.getSingleton(DefaultSingletonBeanRegistry.java:234) ~[spring-beans-5.3.8.jar:5.3.8]
	at org.springframework.beans.factory.support.AbstractBeanFactory.doGetBean(AbstractBeanFactory.java:333) ~[spring-beans-5.3.8.jar:5.3.8]
	at org.springframework.beans.factory.support.AbstractBeanFactory.getBean(AbstractBeanFactory.java:208) ~[spring-beans-5.3.8.jar:5.3.8]
	at org.springframework.beans.factory.support.DefaultListableBeanFactory.preInstantiateSingletons(DefaultListableBeanFactory.java:944) ~[spring-beans-5.3.8.jar:5.3.8]
	at org.springframework.context.support.AbstractApplicationContext.finishBeanFactoryInitialization(AbstractApplicationContext.java:918) ~[spring-context-5.3.8.jar:5.3.8]
	at org.springframework.context.support.AbstractApplicationContext.refresh(AbstractApplicationContext.java:583) ~[spring-context-5.3.8.jar:5.3.8]
	at org.springframework.boot.SpringApplication.refresh(SpringApplication.java:754) [spring-boot-2.5.2.jar:2.5.2]
	at org.springframework.boot.SpringApplication.refreshContext(SpringApplication.java:434) [spring-boot-2.5.2.jar:2.5.2]
	at org.springframework.boot.SpringApplication.run(SpringApplication.java:338) [spring-boot-2.5.2.jar:2.5.2]
	at org.springframework.boot.SpringApplication.run(SpringApplication.java:1343) [spring-boot-2.5.2.jar:2.5.2]
	at org.springframework.boot.SpringApplication.run(SpringApplication.java:1332) [spring-boot-2.5.2.jar:2.5.2]
	at carSale.CarSaleApplication.main(CarSaleApplication.java:11) [classes/:?]
Caused by: java.lang.NoSuchFieldError: WRITE_DURATIONS_AS_TIMESTAMPS
	at org.springframework.boot.autoconfigure.jackson.JacksonAutoConfiguration.<clinit>(JacksonAutoConfiguration.java:84) ~[spring-boot-autoconfigure-2.5.2.jar:2.5.2]
	at sun.reflect.NativeConstructorAccessorImpl.newInstance0(Native Method) ~[?:1.8.0_211]
	at sun.reflect.NativeConstructorAccessorImpl.newInstance(NativeConstructorAccessorImpl.java:62) ~[?:1.8.0_211]
	at sun.reflect.DelegatingConstructorAccessorImpl.newInstance(DelegatingConstructorAccessorImpl.java:45) ~[?:1.8.0_211]
	at java.lang.reflect.Constructor.newInstance(Constructor.java:423) ~[?:1.8.0_211]
	at org.springframework.beans.BeanUtils.instantiateClass(BeanUtils.java:212) ~[spring-beans-5.3.8.jar:5.3.8]
	at org.springframework.beans.factory.support.SimpleInstantiationStrategy.instantiate(SimpleInstantiationStrategy.java:87) ~[spring-beans-5.3.8.jar:5.3.8]
	at org.springframework.beans.factory.support.AbstractAutowireCapableBeanFactory.instantiateBean(AbstractAutowireCapableBeanFactory.java:1308) ~[spring-beans-5.3.8.jar:5.3.8]
	... 16 more
2021-08-06 20:56:33,521 INFO c.CarSaleApplication [main] Starting CarSaleApplication using Java 1.8.0_211 on LAPTOP-15JLIKAI with PID 17492 (C:\Users\–ï–ª–µ–Ω–∞\IdeaProjects\Otus\target\classes started by –ï–ª–µ–Ω–∞ in C:\Users\–ï–ª–µ–Ω–∞\IdeaProjects\Otus)
2021-08-06 20:56:33,575 INFO c.CarSaleApplication [main] No active profile set, falling back to default profiles: default
2021-08-06 20:56:40,603 INFO c.CarSaleApplication [main] Started CarSaleApplication in 11.312 seconds (JVM running for 19.98)
2021-08-06 20:56:40,651 INFO c.Classic [main] –°–∏–ª—å–Ω—ã–µ –∑–∞–≤–∏—Å–∏–º–æ—Å—Ç–∏ –∫–æ–Ω—Ñ–∏–≥—É—Ä–∞—Ü–∏—è classc
2021-08-06 20:56:40,653 INFO c.Classic [main] –°–∏–ª—å–Ω—ã–µ –∑–∞–≤–∏—Å–∏–º–æ—Å—Ç–∏ –∫–æ–Ω—Ñ–∏–≥—É—Ä–∞—Ü–∏—è classc
2021-08-06 21:05:49,613 INFO c.CarSaleApplication [main] Starting CarSaleApplication using Java 1.8.0_211 on LAPTOP-15JLIKAI with PID 19692 (C:\Users\–ï–ª–µ–Ω–∞\IdeaProjects\Otus\target\classes started by –ï–ª–µ–Ω–∞ in C:\Users\–ï–ª–µ–Ω–∞\IdeaProjects\Otus)
2021-08-06 21:05:49,644 INFO c.CarSaleApplication [main] No active profile set, falling back to default profiles: default
2021-08-06 21:05:53,022 INFO c.CarSaleApplication [main] Started CarSaleApplication in 5.41 seconds (JVM running for 9.163)
2021-08-06 21:05:53,038 INFO c.Classic [main] –°–∏–ª—å–Ω—ã–µ –∑–∞–≤–∏—Å–∏–º–æ—Å—Ç–∏ –∫–æ–Ω—Ñ–∏–≥—É—Ä–∞—Ü–∏—è classc
2021-08-06 21:05:53,038 INFO c.Classic [main] –°–∏–ª—å–Ω—ã–µ –∑–∞–≤–∏—Å–∏–º–æ—Å—Ç–∏ –∫–æ–Ω—Ñ–∏–≥—É—Ä–∞—Ü–∏—è classc
2021-08-06 21:10:29,902 INFO c.CarSaleApplication [main] Starting CarSaleApplication using Java 1.8.0_211 on LAPTOP-15JLIKAI with PID 12776 (C:\Users\–ï–ª–µ–Ω–∞\IdeaProjects\Otus\target\classes started by –ï–ª–µ–Ω–∞ in C:\Users\–ï–ª–µ–Ω–∞\IdeaProjects\Otus)
2021-08-06 21:10:29,926 INFO c.CarSaleApplication [main] No active profile set, falling back to default profiles: default
2021-08-06 21:10:32,713 INFO c.CarSaleApplication [main] Started CarSaleApplication in 4.576 seconds (JVM running for 8.565)
2021-08-06 21:10:32,730 INFO c.Sport [main] –°–∏–ª—å–Ω—ã–µ –∑–∞–≤–∏—Å–∏–º–æ—Å—Ç–∏ –∫–æ–Ω—Ñ–∏–≥—É—Ä–∞—Ü–∏—è classc
2021-08-06 21:10:32,730 INFO c.Sport [main] –°–∏–ª—å–Ω—ã–µ –∑–∞–≤–∏—Å–∏–º–æ—Å—Ç–∏ –∫–æ–Ω—Ñ–∏–≥—É—Ä–∞—Ü–∏—è classc
2021-08-06 21:12:04,936 INFO c.CarSaleApplication [main] Starting CarSaleApplication using Java 1.8.0_211 on LAPTOP-15JLIKAI with PID 5484 (C:\Users\–ï–ª–µ–Ω–∞\IdeaProjects\Otus\target\classes started by –ï–ª–µ–Ω–∞ in C:\Users\–ï–ª–µ–Ω–∞\IdeaProjects\Otus)
2021-08-06 21:12:04,967 INFO c.CarSaleApplication [main] No active profile set, falling back to default profiles: default
2021-08-06 21:12:07,976 INFO c.CarSaleApplication [main] Started CarSaleApplication in 5.045 seconds (JVM running for 8.555)
2021-08-06 21:18:37,137 INFO c.CarSaleApplication [main] Starting CarSaleApplication using Java 1.8.0_211 on LAPTOP-15JLIKAI with PID 18936 (C:\Users\–ï–ª–µ–Ω–∞\IdeaProjects\Otus\target\classes started by –ï–ª–µ–Ω–∞ in C:\Users\–ï–ª–µ–Ω–∞\IdeaProjects\Otus)
2021-08-06 21:18:37,155 INFO c.CarSaleApplication [main] No active profile set, falling back to default profiles: default
2021-08-06 21:18:40,039 INFO c.CarSaleApplication [main] Started CarSaleApplication in 4.859 seconds (JVM running for 8.735)
2021-08-06 21:27:55,869 INFO c.CarSaleApplication [main] Starting CarSaleApplication using Java 1.8.0_211 on LAPTOP-15JLIKAI with PID 11488 (C:\Users\–ï–ª–µ–Ω–∞\IdeaProjects\Otus\target\classes started by –ï–ª–µ–Ω–∞ in C:\Users\–ï–ª–µ–Ω–∞\IdeaProjects\Otus)
2021-08-06 21:27:55,897 INFO c.CarSaleApplication [main] No active profile set, falling back to default profiles: default
2021-08-06 21:27:59,054 INFO c.CarSaleApplication [main] Started CarSaleApplication in 5.069 seconds (JVM running for 8.811)
2021-08-06 21:39:28,700 INFO c.CarSaleApplication [main] Starting CarSaleApplication using Java 1.8.0_211 on LAPTOP-15JLIKAI with PID 9248 (C:\Users\–ï–ª–µ–Ω–∞\IdeaProjects\Otus\target\classes started by –ï–ª–µ–Ω–∞ in C:\Users\–ï–ª–µ–Ω–∞\IdeaProjects\Otus)
2021-08-06 21:39:28,724 INFO c.CarSaleApplication [main] No active profile set, falling back to default profiles: default
2021-08-06 21:39:31,248 INFO c.CarSaleApplication [main] Started CarSaleApplication in 4.421 seconds (JVM running for 7.661)
2021-08-06 21:47:36,942 INFO c.CarSaleApplication [main] Starting CarSaleApplication using Java 1.8.0_211 on LAPTOP-15JLIKAI with PID 21208 (C:\Users\–ï–ª–µ–Ω–∞\IdeaProjects\Otus\target\classes started by –ï–ª–µ–Ω–∞ in C:\Users\–ï–ª–µ–Ω–∞\IdeaProjects\Otus)
2021-08-06 21:47:36,966 INFO c.CarSaleApplication [main] No active profile set, falling back to default profiles: default
2021-08-06 21:47:40,373 INFO c.CarSaleApplication [main] Started CarSaleApplication in 5.5 seconds (JVM running for 9.639)
2021-08-06 21:48:31,055 INFO Lesson2 [main] –ó–∞–ø—É—Å–∫ ChromeDriver –ø–µ—Ä–µ–¥ —Ç–µ—Å—Ç–æ–º
2021-08-06 21:49:07,940 INFO Lesson2 [main] –û—Ç–∫—Ä—ã–≤–∞–µ–º —Å–∞–π—Ç otus.ru
2021-08-06 21:49:07,988 INFO Lesson2 [main] –ü—Ä–æ–≤–µ—Ä—è–µ–º, —á—Ç–æ —Å–∞–π—Ç –æ—Ç–∫—Ä—ã—Ç
2021-08-06 21:49:07,988 INFO Lesson2 [main] –ó–∞–∫—Ä—ã–≤–∞–µ–º ChromeDriver –ø–æ—Å–ª–µ —Ç–µ—Å—Ç–∞
2021-08-07 11:11:07,473 INFO c.CarSaleApplication [main] Starting CarSaleApplication using Java 1.8.0_211 on LAPTOP-15JLIKAI with PID 16236 (C:\Users\–ï–ª–µ–Ω–∞\IdeaProjects\Otus\target\classes started by –ï–ª–µ–Ω–∞ in C:\Users\–ï–ª–µ–Ω–∞\IdeaProjects\Otus)
2021-08-07 11:11:07,483 INFO c.CarSaleApplication [main] No active profile set, falling back to default profiles: default
2021-08-07 11:11:10,268 INFO c.CarSaleApplication [main] Started CarSaleApplication in 4.666 seconds (JVM running for 8.56)
2021-08-07 11:11:10,284 INFO c.Sport [main] –°–∏–ª—å–Ω—ã–µ –∑–∞–≤–∏—Å–∏–º–æ—Å—Ç–∏ –∫–æ–Ω—Ñ–∏–≥—É—Ä–∞—Ü–∏—è sport
2021-08-07 11:11:10,284 INFO c.Sport [main] –°–∏–ª—å–Ω—ã–µ –∑–∞–≤–∏—Å–∏–º–æ—Å—Ç–∏ –∫–æ–Ω—Ñ–∏–≥—É—Ä–∞—Ü–∏—è sport
2021-08-07 11:11:10,284 INFO c.Sport [main] –°–∏–ª—å–Ω—ã–µ –∑–∞–≤–∏—Å–∏–º–æ—Å—Ç–∏ –∫–æ–Ω—Ñ–∏–≥—É—Ä–∞—Ü–∏—è sport
2021-08-07 11:13:01,755 INFO c.CarSaleApplication [main] Starting CarSaleApplication using Java 1.8.0_211 on LAPTOP-15JLIKAI with PID 16196 (C:\Users\–ï–ª–µ–Ω–∞\IdeaProjects\Otus\target\classes started by –ï–ª–µ–Ω–∞ in C:\Users\–ï–ª–µ–Ω–∞\IdeaProjects\Otus)
2021-08-07 11:13:01,755 INFO c.CarSaleApplication [main] No active profile set, falling back to default profiles: default
2021-08-07 11:13:04,445 INFO c.CarSaleApplication [main] Started CarSaleApplication in 4.337 seconds (JVM running for 8.657)
2021-08-07 11:13:04,460 INFO c.Luxe [main] –°–∏–ª—å–Ω—ã–µ –∑–∞–≤–∏—Å–∏–º–æ—Å—Ç–∏ –∫–æ–Ω—Ñ–∏–≥—É—Ä–∞—Ü–∏—è Luxe
2021-08-07 11:13:04,460 INFO c.Luxe [main] –°–∏–ª—å–Ω—ã–µ –∑–∞–≤–∏—Å–∏–º–æ—Å—Ç–∏ –∫–æ–Ω—Ñ–∏–≥—É—Ä–∞—Ü–∏—è Luxe
2021-08-07 11:13:04,460 INFO c.Luxe [main] –°–∏–ª—å–Ω—ã–µ –∑–∞–≤–∏—Å–∏–º–æ—Å—Ç–∏ –∫–æ–Ω—Ñ–∏–≥—É—Ä–∞—Ü–∏—è Luxe
2021-08-07 11:13:55,515 INFO c.CarSaleApplication [main] Starting CarSaleApplication using Java 1.8.0_211 on LAPTOP-15JLIKAI with PID 20840 (C:\Users\–ï–ª–µ–Ω–∞\IdeaProjects\Otus\target\classes started by –ï–ª–µ–Ω–∞ in C:\Users\–ï–ª–µ–Ω–∞\IdeaProjects\Otus)
2021-08-07 11:13:55,536 INFO c.CarSaleApplication [main] No active profile set, falling back to default profiles: default
2021-08-07 11:13:58,379 INFO c.CarSaleApplication [main] Started CarSaleApplication in 5.056 seconds (JVM running for 8.725)
2021-08-07 11:13:58,401 INFO c.Classic [main] –°–∏–ª—å–Ω—ã–µ –∑–∞–≤–∏—Å–∏–º–æ—Å—Ç–∏ –∫–æ–Ω—Ñ–∏–≥—É—Ä–∞—Ü–∏—è classic
2021-08-07 11:13:58,401 INFO c.Classic [main] –°–∏–ª—å–Ω—ã–µ –∑–∞–≤–∏—Å–∏–º–æ—Å—Ç–∏ –∫–æ–Ω—Ñ–∏–≥—É—Ä–∞—Ü–∏—è classic
2021-08-07 11:13:58,401 INFO c.Classic [main] –°–∏–ª—å–Ω—ã–µ –∑–∞–≤–∏—Å–∏–º–æ—Å—Ç–∏ –∫–æ–Ω—Ñ–∏–≥—É—Ä–∞—Ü–∏—è classic
2021-08-07 11:39:52,996 INFO c.CarSaleApplication [main] Starting CarSaleApplication using Java 1.8.0_211 on LAPTOP-15JLIKAI with PID 7600 (C:\Users\–ï–ª–µ–Ω–∞\IdeaProjects\Otus\target\classes started by –ï–ª–µ–Ω–∞ in C:\Users\–ï–ª–µ–Ω–∞\IdeaProjects\Otus)
2021-08-07 11:39:53,016 INFO c.CarSaleApplication [main] No active profile set, falling back to default profiles: default
2021-08-07 11:39:56,251 INFO c.CarSaleApplication [main] Started CarSaleApplication in 5.281 seconds (JVM running for 8.87)
2021-08-07 11:39:56,267 INFO c.Classic [main] –ö–æ–Ω—Ñ–∏–≥—É—Ä–∞—Ü–∏—è classic —á–µ—Ä–µ–∑ –∏–Ω—Ç–µ—Ä—Ñ–µ–π—Å
2021-08-07 11:39:56,267 INFO c.Classic [main] –ö–æ–Ω—Ñ–∏–≥—É—Ä–∞—Ü–∏—è classic —á–µ—Ä–µ–∑ –∏–Ω—Ç–µ—Ä—Ñ–µ–π—Å
2021-08-07 11:39:56,267 INFO c.Classic [main] –ö–æ–Ω—Ñ–∏–≥—É—Ä–∞—Ü–∏—è classic —á–µ—Ä–µ–∑ –∏–Ω—Ç–µ—Ä—Ñ–µ–π—Å
2021-08-07 11:40:26,773 INFO c.CarSaleApplication [main] Starting CarSaleApplication using Java 1.8.0_211 on LAPTOP-15JLIKAI with PID 12336 (C:\Users\–ï–ª–µ–Ω–∞\IdeaProjects\Otus\target\classes started by –ï–ª–µ–Ω–∞ in C:\Users\–ï–ª–µ–Ω–∞\IdeaProjects\Otus)
2021-08-07 11:40:26,793 INFO c.CarSaleApplication [main] No active profile set, falling back to default profiles: default
2021-08-07 11:40:29,590 INFO c.CarSaleApplication [main] Started CarSaleApplication in 4.827 seconds (JVM running for 8.342)
2021-08-07 11:40:29,606 INFO c.Sport [main] –ö–æ–Ω—Ñ–∏–≥—É—Ä–∞—Ü–∏—è sport —á–µ—Ä–µ–∑ –∏–Ω—Ç–µ—Ä—Ñ–µ–π—Å
2021-08-07 11:40:29,606 INFO c.Sport [main] –ö–æ–Ω—Ñ–∏–≥—É—Ä–∞—Ü–∏—è sport —á–µ—Ä–µ–∑ –∏–Ω—Ç–µ—Ä—Ñ–µ–π—Å
2021-08-07 11:40:29,606 INFO c.Sport [main] –ö–æ–Ω—Ñ–∏–≥—É—Ä–∞—Ü–∏—è sport —á–µ—Ä–µ–∑ –∏–Ω—Ç–µ—Ä—Ñ–µ–π—Å
2021-08-07 11:40:59,249 INFO c.CarSaleApplication [main] Starting CarSaleApplication using Java 1.8.0_211 on LAPTOP-15JLIKAI with PID 14956 (C:\Users\–ï–ª–µ–Ω–∞\IdeaProjects\Otus\target\classes started by –ï–ª–µ–Ω–∞ in C:\Users\–ï–ª–µ–Ω–∞\IdeaProjects\Otus)
2021-08-07 11:40:59,268 INFO c.CarSaleApplication [main] No active profile set, falling back to default profiles: default
2021-08-07 11:41:01,864 INFO c.CarSaleApplication [main] Started CarSaleApplication in 4.719 seconds (JVM running for 8.409)
2021-08-07 11:41:01,879 INFO c.Luxe [main] –ö–æ–Ω—Ñ–∏–≥—É—Ä–∞—Ü–∏—è Luxe —á–µ—Ä–µ–∑ –∏–Ω—Ç–µ—Ä—Ñ–µ–π—Å
2021-08-07 11:41:01,879 INFO c.Luxe [main] –ö–æ–Ω—Ñ–∏–≥—É—Ä–∞—Ü–∏—è Luxe —á–µ—Ä–µ–∑ –∏–Ω—Ç–µ—Ä—Ñ–µ–π—Å
2021-08-07 11:41:01,879 INFO c.Luxe [main] –ö–æ–Ω—Ñ–∏–≥—É—Ä–∞—Ü–∏—è Luxe —á–µ—Ä–µ–∑ –∏–Ω—Ç–µ—Ä—Ñ–µ–π—Å
2021-08-07 11:48:53,511 INFO c.CarSaleApplication [main] Starting CarSaleApplication using Java 1.8.0_211 on LAPTOP-15JLIKAI with PID 7296 (C:\Users\–ï–ª–µ–Ω–∞\IdeaProjects\Otus\target\classes started by –ï–ª–µ–Ω–∞ in C:\Users\–ï–ª–µ–Ω–∞\IdeaProjects\Otus)
2021-08-07 11:48:53,521 INFO c.CarSaleApplication [main] No active profile set, falling back to default profiles: default
2021-08-07 11:48:56,479 INFO c.CarSaleApplication [main] Started CarSaleApplication in 4.815 seconds (JVM running for 8.5)
2021-08-07 11:48:56,510 INFO c.Classic [main] –ö–æ–Ω—Ñ–∏–≥—É—Ä–∞—Ü–∏—è classic —á–µ—Ä–µ–∑ –∏–Ω—Ç–µ—Ä—Ñ–µ–π—Å
2021-08-07 11:48:56,510 INFO c.Sport [main] –ö–æ–Ω—Ñ–∏–≥—É—Ä–∞—Ü–∏—è sport —á–µ—Ä–µ–∑ –∏–Ω—Ç–µ—Ä—Ñ–µ–π—Å
2021-08-07 11:48:56,510 INFO c.Luxe [main] –ö–æ–Ω—Ñ–∏–≥—É—Ä–∞—Ü–∏—è Luxe —á–µ—Ä–µ–∑ –∏–Ω—Ç–µ—Ä—Ñ–µ–π—Å
2021-08-07 12:05:02,231 INFO c.CarSaleApplication [main] Starting CarSaleApplication using Java 1.8.0_211 on LAPTOP-15JLIKAI with PID 5828 (C:\Users\–ï–ª–µ–Ω–∞\IdeaProjects\Otus\target\classes started by –ï–ª–µ–Ω–∞ in C:\Users\–ï–ª–µ–Ω–∞\IdeaProjects\Otus)
2021-08-07 12:05:02,241 INFO c.CarSaleApplication [main] No active profile set, falling back to default profiles: default
2021-08-07 12:05:04,496 INFO c.SpringConfig [main] bean classic
2021-08-07 12:05:04,496 INFO c.SpringConfig [main] bean sport
2021-08-07 12:05:04,496 INFO c.SpringConfig [main] bean luxe
2021-08-07 12:05:04,834 INFO c.CarSaleApplication [main] Started CarSaleApplication in 4.565 seconds (JVM running for 8.573)
2021-08-07 12:05:05,371 INFO c.SpringConfig [main] bean classic
2021-08-07 12:05:05,371 INFO c.SpringConfig [main] bean sport
2021-08-07 12:05:05,371 INFO c.SpringConfig [main] bean luxe
2021-08-07 12:05:05,473 INFO c.Classic [main] –ö–æ–Ω—Ñ–∏–≥—É—Ä–∞—Ü–∏—è classic —á–µ—Ä–µ–∑ –∏–Ω—Ç–µ—Ä—Ñ–µ–π—Å
2021-08-07 12:05:05,473 INFO c.Sport [main] –ö–æ–Ω—Ñ–∏–≥—É—Ä–∞—Ü–∏—è sport —á–µ—Ä–µ–∑ –∏–Ω—Ç–µ—Ä—Ñ–µ–π—Å
2021-08-07 12:05:05,473 INFO c.Luxe [main] –ö–æ–Ω—Ñ–∏–≥—É—Ä–∞—Ü–∏—è Luxe —á–µ—Ä–µ–∑ –∏–Ω—Ç–µ—Ä—Ñ–µ–π—Å
2021-08-07 22:32:43,514 INFO Lesson7 [main] –ó–∞–ø—É—Å–∫ ChromeDriver –ø–µ—Ä–µ–¥ —Ç–µ—Å—Ç–æ–º
2021-08-07 22:32:43,757 INFO Lesson7 [main] –†–∞–∑–≤–∞—Ä–∞—á–∏–≤–∞–µ–º –æ–∫–Ω–æ  –Ω–∞ –≤–µ—Å—å —ç–∫—Ä–∞–Ω, —Ä–∞–∑–º–µ—Ä –æ–∫–Ω–∞(1382, 744)
2021-08-07 22:32:59,306 INFO Lesson7 [main] –û—Ç–∫—Ä—ã–≤–∞–µ–º —Å–∞–π—Ç otus.ru
2021-08-07 22:32:59,349 INFO Lesson7 [main] –ü—Ä–æ–≤–µ—Ä—è–µ–º, —á—Ç–æ —Å–∞–π—Ç –æ—Ç–∫—Ä—ã—Ç
2021-08-07 22:33:07,695 INFO Lesson7 [main] –ü—Ä–æ–≤–µ—Ä—è–µ–º.—á—Ç–æ –∞–¥—Ä–µ—Å —Ä–∞–≤–µ–Ω: 125167, –≥. –ú–æ—Å–∫–≤–∞, –ù–∞—Ä—ã—à–∫–∏–Ω—Å–∫–∞—è –∞–ª–ª–µ—è., –¥. 5, —Å—Ç—Ä. 2, —Ç–µ–ª. +7 499 938-92-02
2021-08-07 22:33:11,886 INFO Lesson7 [main] –û—Ç–∫—Ä—ã–≤–∞–µ–º —Å–∞–π—Ç otus.ru
2021-08-07 22:33:12,070 INFO Lesson7 [main] –ü—Ä–æ–≤–µ—Ä—è–µ–º, —á—Ç–æ —Å–∞–π—Ç otus –æ—Ç–∫—Ä—ã—Ç
2021-08-07 22:33:19,407 INFO Lesson7 [main] –û—Ç–∫—Ä—ã–≤–∞–µ–º —Å–∞–π—Ç msk.tele2.ru
2021-08-07 22:33:23,846 INFO Lesson7 [main] –û—Ç–∫—Ä—ã–≤–∞–µ–º —Å–∞–π—Ç otus.ru
2021-08-07 22:33:23,874 INFO Lesson7 [main] –ü—Ä–æ–≤–µ—Ä—è–µ–º, —á—Ç–æ —Å–∞–π—Ç –æ—Ç–∫—Ä—ã—Ç
2021-08-07 22:33:26,287 INFO Lesson7 [main] –í–≤–æ–¥–∏–º email –¥–ª—è –ø–æ–¥–ø–∏—Å–∫–∏ –Ω–∞ –Ω–æ–≤–æ—Å—Ç–∏
2021-08-07 22:33:26,726 INFO Lesson7 [main] –Ω–∞–∂–∏–º–∞–µ–º –∫–Ω–æ–ø–∫—É "–ü–æ–¥–ø–∏—Å–∞—Ç—å—Å—è"
2021-08-07 22:33:27,212 INFO Lesson7 [main] –ü—Ä–æ–≤–µ—Ä—è–µ–º, —á—Ç–æ –ø–æ–¥–ø–∏—Å–∫–∞ –æ—Ñ–æ—Ä–º–ª–µ–Ω–∞ –í—ã —É—Å–ø–µ—à–Ω–æ –ø–æ–¥–ø–∏—Å–∞–ª–∏—Å—å
2021-08-07 22:33:27,213 INFO Lesson7 [main] –ó–∞–∫—Ä—ã–≤–∞–µ–º ChromeDriver –ø–æ—Å–ª–µ —Ç–µ—Å—Ç–∞
2021-08-07 22:40:38,753 INFO Lesson7 [main] –ó–∞–ø—É—Å–∫ ChromeDriver –ø–µ—Ä–µ–¥ —Ç–µ—Å—Ç–æ–º
2021-08-07 22:40:38,964 INFO Lesson7 [main] –†–∞–∑–≤–∞—Ä–∞—á–∏–≤–∞–µ–º –æ–∫–Ω–æ  –Ω–∞ –≤–µ—Å—å —ç–∫—Ä–∞–Ω, —Ä–∞–∑–º–µ—Ä –æ–∫–Ω–∞(1382, 744)
2021-08-07 22:40:46,637 INFO Lesson7 [main] –û—Ç–∫—Ä—ã–≤–∞–µ–º —Å–∞–π—Ç otus.ru
2021-08-07 22:40:46,789 INFO Lesson7 [main] –ü—Ä–æ–≤–µ—Ä—è–µ–º, —á—Ç–æ —Å–∞–π—Ç –æ—Ç–∫—Ä—ã—Ç
2021-08-07 22:40:54,586 INFO Lesson7 [main] –ü—Ä–æ–≤–µ—Ä—è–µ–º.—á—Ç–æ –∞–¥—Ä–µ—Å —Ä–∞–≤–µ–Ω: 125167, –≥. –ú–æ—Å–∫–≤–∞, –ù–∞—Ä—ã—à–∫–∏–Ω—Å–∫–∞—è –∞–ª–ª–µ—è., –¥. 5, —Å—Ç—Ä. 2, —Ç–µ–ª. +7 499 938-92-02
2021-08-07 22:40:54,987 INFO Lesson7 [main] –ó–∞–∫—Ä—ã–≤–∞–µ–º ChromeDriver –ø–æ—Å–ª–µ —Ç–µ—Å—Ç–∞
2021-08-07 22:48:03,368 INFO Lesson7 [main] –ó–∞–ø—É—Å–∫ ChromeDriver –ø–µ—Ä–µ–¥ —Ç–µ—Å—Ç–æ–º
2021-08-07 22:48:03,617 INFO Lesson7 [main] –†–∞–∑–≤–∞—Ä–∞—á–∏–≤–∞–µ–º –æ–∫–Ω–æ  –Ω–∞ –≤–µ—Å—å —ç–∫—Ä–∞–Ω, —Ä–∞–∑–º–µ—Ä –æ–∫–Ω–∞(1382, 744)
2021-08-07 22:48:12,796 INFO Lesson7 [main] –û—Ç–∫—Ä—ã–≤–∞–µ–º —Å–∞–π—Ç otus.ru
2021-08-07 22:48:12,837 INFO Lesson7 [main] –ü—Ä–æ–≤–µ—Ä—è–µ–º, —á—Ç–æ —Å–∞–π—Ç –æ—Ç–∫—Ä—ã—Ç
2021-08-07 22:48:26,320 INFO Lesson7 [main] –ó–∞–∫—Ä—ã–≤–∞–µ–º ChromeDriver –ø–æ—Å–ª–µ —Ç–µ—Å—Ç–∞
2021-08-07 22:57:59,346 INFO Lesson7 [main] –ó–∞–ø—É—Å–∫ ChromeDriver –ø–µ—Ä–µ–¥ —Ç–µ—Å—Ç–æ–º
2021-08-07 22:57:59,562 INFO Lesson7 [main] –†–∞–∑–≤–∞—Ä–∞—á–∏–≤–∞–µ–º –æ–∫–Ω–æ  –Ω–∞ –≤–µ—Å—å —ç–∫—Ä–∞–Ω, —Ä–∞–∑–º–µ—Ä –æ–∫–Ω–∞(1382, 744)
2021-08-07 22:58:11,365 INFO Lesson7 [main] –ó–∞–∫—Ä—ã–≤–∞–µ–º ChromeDriver –ø–æ—Å–ª–µ —Ç–µ—Å—Ç–∞
2021-08-07 22:58:43,092 INFO Lesson7 [main] –ó–∞–ø—É—Å–∫ ChromeDriver –ø–µ—Ä–µ–¥ —Ç–µ—Å—Ç–æ–º
2021-08-07 22:58:43,291 INFO Lesson7 [main] –†–∞–∑–≤–∞—Ä–∞—á–∏–≤–∞–µ–º –æ–∫–Ω–æ  –Ω–∞ –≤–µ—Å—å —ç–∫—Ä–∞–Ω, —Ä–∞–∑–º–µ—Ä –æ–∫–Ω–∞(1382, 744)
2021-08-07 22:58:54,965 INFO Lesson7 [main] –ó–∞–∫—Ä—ã–≤–∞–µ–º ChromeDriver –ø–æ—Å–ª–µ —Ç–µ—Å—Ç–∞
2021-08-07 22:59:41,247 INFO Lesson7 [main] –ó–∞–ø—É—Å–∫ ChromeDriver –ø–µ—Ä–µ–¥ —Ç–µ—Å—Ç–æ–º
2021-08-07 22:59:41,496 INFO Lesson7 [main] –†–∞–∑–≤–∞—Ä–∞—á–∏–≤–∞–µ–º –æ–∫–Ω–æ  –Ω–∞ –≤–µ—Å—å —ç–∫—Ä–∞–Ω, —Ä–∞–∑–º–µ—Ä –æ–∫–Ω–∞(1382, 744)
2021-08-07 22:59:52,965 INFO Lesson7 [main] –ó–∞–∫—Ä—ã–≤–∞–µ–º ChromeDriver –ø–æ—Å–ª–µ —Ç–µ—Å—Ç–∞
2021-08-07 23:01:03,882 INFO Lesson7 [main] –ó–∞–ø—É—Å–∫ ChromeDriver –ø–µ—Ä–µ–¥ —Ç–µ—Å—Ç–æ–º
2021-08-07 23:01:04,098 INFO Lesson7 [main] –†–∞–∑–≤–∞—Ä–∞—á–∏–≤–∞–µ–º –æ–∫–Ω–æ  –Ω–∞ –≤–µ—Å—å —ç–∫—Ä–∞–Ω, —Ä–∞–∑–º–µ—Ä –æ–∫–Ω–∞(1382, 744)
2021-08-07 23:01:15,569 INFO Lesson7 [main] –ó–∞–∫—Ä—ã–≤–∞–µ–º ChromeDriver –ø–æ—Å–ª–µ —Ç–µ—Å—Ç–∞
2021-08-07 23:01:55,364 INFO Lesson7 [main] –ó–∞–ø—É—Å–∫ ChromeDriver –ø–µ—Ä–µ–¥ —Ç–µ—Å—Ç–æ–º
2021-08-07 23:01:55,596 INFO Lesson7 [main] –†–∞–∑–≤–∞—Ä–∞—á–∏–≤–∞–µ–º –æ–∫–Ω–æ  –Ω–∞ –≤–µ—Å—å —ç–∫—Ä–∞–Ω, —Ä–∞–∑–º–µ—Ä –æ–∫–Ω–∞(1382, 744)
2021-08-07 23:02:03,900 INFO Lesson7 [main] –û—Ç–∫—Ä—ã–≤–∞–µ–º —Å–∞–π—Ç otus.ru
2021-08-07 23:02:05,124 INFO Lesson7 [main] –ó–∞–∫—Ä—ã–≤–∞–µ–º ChromeDriver –ø–æ—Å–ª–µ —Ç–µ—Å—Ç–∞
2021-08-07 23:05:49,408 INFO Lesson7 [main] –ó–∞–ø—É—Å–∫ ChromeDriver –ø–µ—Ä–µ–¥ —Ç–µ—Å—Ç–æ–º
2021-08-07 23:05:49,609 INFO Lesson7 [main] –†–∞–∑–≤–∞—Ä–∞—á–∏–≤–∞–µ–º –æ–∫–Ω–æ  –Ω–∞ –≤–µ—Å—å —ç–∫—Ä–∞–Ω, —Ä–∞–∑–º–µ—Ä –æ–∫–Ω–∞(1382, 744)
2021-08-07 23:05:57,323 INFO Lesson7 [main] –û—Ç–∫—Ä—ã–≤–∞–µ–º —Å–∞–π—Ç otus.ru
2021-08-07 23:05:58,345 INFO Lesson7 [main] –ó–∞–∫—Ä—ã–≤–∞–µ–º ChromeDriver –ø–æ—Å–ª–µ —Ç–µ—Å—Ç–∞
2021-08-07 23:10:01,119 INFO Lesson7 [main] –ó–∞–ø—É—Å–∫ ChromeDriver –ø–µ—Ä–µ–¥ —Ç–µ—Å—Ç–æ–º
2021-08-07 23:10:01,329 INFO Lesson7 [main] –†–∞–∑–≤–∞—Ä–∞—á–∏–≤–∞–µ–º –æ–∫–Ω–æ  –Ω–∞ –≤–µ—Å—å —ç–∫—Ä–∞–Ω, —Ä–∞–∑–º–µ—Ä –æ–∫–Ω–∞(1382, 744)
2021-08-07 23:10:09,552 INFO Lesson7 [main] –û—Ç–∫—Ä—ã–≤–∞–µ–º —Å–∞–π—Ç otus.ru
2021-08-07 23:10:10,833 INFO Lesson7 [main] –ó–∞–∫—Ä—ã–≤–∞–µ–º ChromeDriver –ø–æ—Å–ª–µ —Ç–µ—Å—Ç–∞
2021-08-07 23:22:10,491 INFO Lesson7 [main] –ó–∞–ø—É—Å–∫ ChromeDriver –ø–µ—Ä–µ–¥ —Ç–µ—Å—Ç–æ–º
2021-08-07 23:22:10,695 INFO Lesson7 [main] –†–∞–∑–≤–∞—Ä–∞—á–∏–≤–∞–µ–º –æ–∫–Ω–æ  –Ω–∞ –≤–µ—Å—å —ç–∫—Ä–∞–Ω, —Ä–∞–∑–º–µ—Ä –æ–∫–Ω–∞(1382, 744)
2021-08-07 23:22:19,202 INFO Lesson7 [main] –û—Ç–∫—Ä—ã–≤–∞–µ–º —Å–∞–π—Ç otus.ru
2021-08-07 23:22:20,488 INFO Lesson7 [main] –ó–∞–∫—Ä—ã–≤–∞–µ–º ChromeDriver –ø–æ—Å–ª–µ —Ç–µ—Å—Ç–∞
2021-08-07 23:33:18,866 INFO Lesson7 [main] –ó–∞–ø—É—Å–∫ ChromeDriver –ø–µ—Ä–µ–¥ —Ç–µ—Å—Ç–æ–º
2021-08-07 23:33:19,138 INFO Lesson7 [main] –†–∞–∑–≤–∞—Ä–∞—á–∏–≤–∞–µ–º –æ–∫–Ω–æ  –Ω–∞ –≤–µ—Å—å —ç–∫—Ä–∞–Ω, —Ä–∞–∑–º–µ—Ä –æ–∫–Ω–∞(1382, 744)
2021-08-07 23:33:31,036 INFO Lesson7 [main] –ó–∞–∫—Ä—ã–≤–∞–µ–º ChromeDriver –ø–æ—Å–ª–µ —Ç–µ—Å—Ç–∞
2021-08-07 23:34:14,128 INFO Lesson7 [main] –ó–∞–ø—É—Å–∫ ChromeDriver –ø–µ—Ä–µ–¥ —Ç–µ—Å—Ç–æ–º
2021-08-07 23:34:14,456 INFO Lesson7 [main] –†–∞–∑–≤–∞—Ä–∞—á–∏–≤–∞–µ–º –æ–∫–Ω–æ  –Ω–∞ –≤–µ—Å—å —ç–∫—Ä–∞–Ω, —Ä–∞–∑–º–µ—Ä –æ–∫–Ω–∞(1382, 744)
2021-08-07 23:34:28,957 INFO Lesson7 [main] –ó–∞–∫—Ä—ã–≤–∞–µ–º ChromeDriver –ø–æ—Å–ª–µ —Ç–µ—Å—Ç–∞
2021-08-07 23:44:55,385 INFO Lesson7 [main] –ó–∞–ø—É—Å–∫ ChromeDriver –ø–µ—Ä–µ–¥ —Ç–µ—Å—Ç–æ–º
2021-08-07 23:44:55,597 INFO Lesson7 [main] –†–∞–∑–≤–∞—Ä–∞—á–∏–≤–∞–µ–º –æ–∫–Ω–æ  –Ω–∞ –≤–µ—Å—å —ç–∫—Ä–∞–Ω, —Ä–∞–∑–º–µ—Ä –æ–∫–Ω–∞(1382, 744)
2021-08-07 23:45:07,475 INFO Lesson7 [main] –ó–∞–∫—Ä—ã–≤–∞–µ–º ChromeDriver –ø–æ—Å–ª–µ —Ç–µ—Å—Ç–∞
2021-08-07 23:46:30,842 INFO Lesson7 [main] –ó–∞–ø—É—Å–∫ ChromeDriver –ø–µ—Ä–µ–¥ —Ç–µ—Å—Ç–æ–º
2021-08-07 23:46:31,059 INFO Lesson7 [main] –†–∞–∑–≤–∞—Ä–∞—á–∏–≤–∞–µ–º –æ–∫–Ω–æ  –Ω–∞ –≤–µ—Å—å —ç–∫—Ä–∞–Ω, —Ä–∞–∑–º–µ—Ä –æ–∫–Ω–∞(1382, 744)
2021-08-07 23:46:39,395 INFO Lesson7 [main] –û—Ç–∫—Ä—ã–≤–∞–µ–º —Å–∞–π—Ç otus.ru
2021-08-07 23:46:41,780 INFO Lesson7 [main] –ó–∞–∫—Ä—ã–≤–∞–µ–º ChromeDriver –ø–æ—Å–ª–µ —Ç–µ—Å—Ç–∞
2021-08-08 00:00:26,894 INFO Lesson7 [main] –ó–∞–ø—É—Å–∫ ChromeDriver –ø–µ—Ä–µ–¥ —Ç–µ—Å—Ç–æ–º
2021-08-08 00:00:27,095 INFO Lesson7 [main] –†–∞–∑–≤–∞—Ä–∞—á–∏–≤–∞–µ–º –æ–∫–Ω–æ  –Ω–∞ –≤–µ—Å—å —ç–∫—Ä–∞–Ω, —Ä–∞–∑–º–µ—Ä –æ–∫–Ω–∞(1382, 744)
2021-08-08 00:00:34,935 INFO Lesson7 [main] –û—Ç–∫—Ä—ã–≤–∞–µ–º —Å–∞–π—Ç otus.ru
2021-08-08 00:00:35,977 INFO Lesson7 [main] –ó–∞–∫—Ä—ã–≤–∞–µ–º ChromeDriver –ø–æ—Å–ª–µ —Ç–µ—Å—Ç–∞
2021-08-08 00:10:56,037 INFO Lesson7 [main] –ó–∞–ø—É—Å–∫ ChromeDriver –ø–µ—Ä–µ–¥ —Ç–µ—Å—Ç–æ–º
2021-08-08 00:10:56,299 INFO Lesson7 [main] –†–∞–∑–≤–∞—Ä–∞—á–∏–≤–∞–µ–º –æ–∫–Ω–æ  –Ω–∞ –≤–µ—Å—å —ç–∫—Ä–∞–Ω, —Ä–∞–∑–º–µ—Ä –æ–∫–Ω–∞(1382, 744)
2021-08-08 00:11:07,788 INFO Lesson7 [main] –ó–∞–∫—Ä—ã–≤–∞–µ–º ChromeDriver –ø–æ—Å–ª–µ —Ç–µ—Å—Ç–∞
2021-08-08 00:18:14,147 INFO Lesson7 [main] –ó–∞–ø—É—Å–∫ ChromeDriver –ø–µ—Ä–µ–¥ —Ç–µ—Å—Ç–æ–º
2021-08-08 00:18:14,383 INFO Lesson7 [main] –†–∞–∑–≤–∞—Ä–∞—á–∏–≤–∞–µ–º –æ–∫–Ω–æ  –Ω–∞ –≤–µ—Å—å —ç–∫—Ä–∞–Ω, —Ä–∞–∑–º–µ—Ä –æ–∫–Ω–∞(1382, 744)
2021-08-08 00:18:22,781 INFO Lesson7 [main] –û—Ç–∫—Ä—ã–≤–∞–µ–º —Å–∞–π—Ç otus.ru
2021-08-08 00:18:22,820 INFO Lesson7 [main] –ü—Ä–æ–≤–µ—Ä—è–µ–º, —á—Ç–æ —Å–∞–π—Ç –æ—Ç–∫—Ä—ã—Ç
2021-08-08 00:18:37,458 INFO Lesson7 [main] –ó–∞–∫—Ä—ã–≤–∞–µ–º ChromeDriver –ø–æ—Å–ª–µ —Ç–µ—Å—Ç–∞
2021-08-08 00:27:49,050 INFO Lesson7 [main] –ó–∞–ø—É—Å–∫ ChromeDriver –ø–µ—Ä–µ–¥ —Ç–µ—Å—Ç–æ–º
2021-08-08 00:27:49,278 INFO Lesson7 [main] –†–∞–∑–≤–∞—Ä–∞—á–∏–≤–∞–µ–º –æ–∫–Ω–æ  –Ω–∞ –≤–µ—Å—å —ç–∫—Ä–∞–Ω, —Ä–∞–∑–º–µ—Ä –æ–∫–Ω–∞(1382, 744)
2021-08-08 00:27:56,895 INFO Lesson7 [main] –û—Ç–∫—Ä—ã–≤–∞–µ–º —Å–∞–π—Ç otus.ru
2021-08-08 00:27:56,928 INFO Lesson7 [main] –ü—Ä–æ–≤–µ—Ä—è–µ–º, —á—Ç–æ —Å–∞–π—Ç –æ—Ç–∫—Ä—ã—Ç
2021-08-08 00:28:03,770 INFO Lesson7 [main] –ü—Ä–æ–≤–µ—Ä—è–µ–º.—á—Ç–æ –∞–¥—Ä–µ—Å —Ä–∞–≤–µ–Ω: 125167, –≥. –ú–æ—Å–∫–≤–∞, –ù–∞—Ä—ã—à–∫–∏–Ω—Å–∫–∞—è –∞–ª–ª–µ—è., –¥. 5, —Å—Ç—Ä. 2, —Ç–µ–ª. +7 499 938-92-02
2021-08-08 00:28:14,260 INFO Lesson7 [main] –ó–∞–∫—Ä—ã–≤–∞–µ–º ChromeDriver –ø–æ—Å–ª–µ —Ç–µ—Å—Ç–∞
2021-08-08 00:30:10,662 INFO Lesson7 [main] –ó–∞–ø—É—Å–∫ ChromeDriver –ø–µ—Ä–µ–¥ —Ç–µ—Å—Ç–æ–º
2021-08-08 00:30:10,897 INFO Lesson7 [main] –†–∞–∑–≤–∞—Ä–∞—á–∏–≤–∞–µ–º –æ–∫–Ω–æ  –Ω–∞ –≤–µ—Å—å —ç–∫—Ä–∞–Ω, —Ä–∞–∑–º–µ—Ä –æ–∫–Ω–∞(1382, 744)
2021-08-08 00:30:20,634 INFO Lesson7 [main] –û—Ç–∫—Ä—ã–≤–∞–µ–º —Å–∞–π—Ç otus.ru
2021-08-08 00:30:21,383 INFO Lesson7 [main] –ü—Ä–æ–≤–µ—Ä—è–µ–º, —á—Ç–æ —Å–∞–π—Ç –æ—Ç–∫—Ä—ã—Ç
2021-08-08 00:30:34,071 INFO Lesson7 [main] –ó–∞–∫—Ä—ã–≤–∞–µ–º ChromeDriver –ø–æ—Å–ª–µ —Ç–µ—Å—Ç–∞
2021-08-08 00:32:02,836 INFO Lesson7 [main] –ó–∞–ø—É—Å–∫ ChromeDriver –ø–µ—Ä–µ–¥ —Ç–µ—Å—Ç–æ–º
2021-08-08 00:32:03,040 INFO Lesson7 [main] –†–∞–∑–≤–∞—Ä–∞—á–∏–≤–∞–µ–º –æ–∫–Ω–æ  –Ω–∞ –≤–µ—Å—å —ç–∫—Ä–∞–Ω, —Ä–∞–∑–º–µ—Ä –æ–∫–Ω–∞(1382, 744)
2021-08-08 00:32:10,225 INFO Lesson7 [main] –û—Ç–∫—Ä—ã–≤–∞–µ–º —Å–∞–π—Ç otus.ru
2021-08-08 00:32:11,089 INFO Lesson7 [main] –ó–∞–∫—Ä—ã–≤–∞–µ–º ChromeDriver –ø–æ—Å–ª–µ —Ç–µ—Å—Ç–∞
2021-08-08 00:41:49,795 INFO Lesson7 [main] –ó–∞–ø—É—Å–∫ ChromeDriver –ø–µ—Ä–µ–¥ —Ç–µ—Å—Ç–æ–º
2021-08-08 00:41:50,008 INFO Lesson7 [main] –†–∞–∑–≤–∞—Ä–∞—á–∏–≤–∞–µ–º –æ–∫–Ω–æ  –Ω–∞ –≤–µ—Å—å —ç–∫—Ä–∞–Ω, —Ä–∞–∑–º–µ—Ä –æ–∫–Ω–∞(1382, 744)
2021-08-08 00:42:01,585 INFO Lesson7 [main] –ó–∞–∫—Ä—ã–≤–∞–µ–º ChromeDriver –ø–æ—Å–ª–µ —Ç–µ—Å—Ç–∞
2021-08-08 00:45:42,596 INFO Lesson7 [main] –ó–∞–ø—É—Å–∫ ChromeDriver –ø–µ—Ä–µ–¥ —Ç–µ—Å—Ç–æ–º
2021-08-08 00:45:42,794 INFO Lesson7 [main] –†–∞–∑–≤–∞—Ä–∞—á–∏–≤–∞–µ–º –æ–∫–Ω–æ  –Ω–∞ –≤–µ—Å—å —ç–∫—Ä–∞–Ω, —Ä–∞–∑–º–µ—Ä –æ–∫–Ω–∞(1382, 744)
2021-08-08 00:45:54,325 INFO Lesson7 [main] –ó–∞–∫—Ä—ã–≤–∞–µ–º ChromeDriver –ø–æ—Å–ª–µ —Ç–µ—Å—Ç–∞
2021-08-08 00:46:46,941 INFO Lesson7 [main] –ó–∞–ø—É—Å–∫ ChromeDriver –ø–µ—Ä–µ–¥ —Ç–µ—Å—Ç–æ–º
2021-08-08 00:46:47,164 INFO Lesson7 [main] –†–∞–∑–≤–∞—Ä–∞—á–∏–≤–∞–µ–º –æ–∫–Ω–æ  –Ω–∞ –≤–µ—Å—å —ç–∫—Ä–∞–Ω, —Ä–∞–∑–º–µ—Ä –æ–∫–Ω–∞(1382, 744)
2021-08-08 00:46:58,585 INFO Lesson7 [main] –ó–∞–∫—Ä—ã–≤–∞–µ–º ChromeDriver –ø–æ—Å–ª–µ —Ç–µ—Å—Ç–∞
2021-08-08 07:58:46,019 INFO Lesson7 [main] –ó–∞–ø—É—Å–∫ ChromeDriver –ø–µ—Ä–µ–¥ —Ç–µ—Å—Ç–æ–º
2021-08-08 07:58:46,232 INFO Lesson7 [main] –†–∞–∑–≤–∞—Ä–∞—á–∏–≤–∞–µ–º –æ–∫–Ω–æ  –Ω–∞ –≤–µ—Å—å —ç–∫—Ä–∞–Ω, —Ä–∞–∑–º–µ—Ä –æ–∫–Ω–∞(1382, 744)
2021-08-08 07:58:58,532 INFO Lesson7 [main] –ó–∞–∫—Ä—ã–≤–∞–µ–º ChromeDriver –ø–æ—Å–ª–µ —Ç–µ—Å—Ç–∞
2021-08-08 08:01:06,315 INFO Lesson2 [main] –ó–∞–ø—É—Å–∫ ChromeDriver –ø–µ—Ä–µ–¥ —Ç–µ—Å—Ç–æ–º
2021-08-08 08:01:15,397 INFO Lesson2 [main] –û—Ç–∫—Ä—ã–≤–∞–µ–º —Å–∞–π—Ç otus.ru
2021-08-08 08:01:15,464 INFO Lesson2 [main] –ü—Ä–æ–≤–µ—Ä—è–µ–º, —á—Ç–æ —Å–∞–π—Ç –æ—Ç–∫—Ä—ã—Ç
2021-08-08 08:01:15,472 INFO Lesson2 [main] –ó–∞–∫—Ä—ã–≤–∞–µ–º ChromeDriver –ø–æ—Å–ª–µ —Ç–µ—Å—Ç–∞
2021-08-08 08:05:35,069 INFO Lesson2 [main] –ó–∞–ø—É—Å–∫ ChromeDriver –ø–µ—Ä–µ–¥ —Ç–µ—Å—Ç–æ–º
2021-08-08 08:05:45,041 INFO Lesson2 [main] –û—Ç–∫—Ä—ã–≤–∞–µ–º —Å–∞–π—Ç otus.ru
2021-08-08 08:05:45,832 INFO Lesson2 [main] –ü—Ä–æ–≤–µ—Ä—è–µ–º, —á—Ç–æ —Å–∞–π—Ç –æ—Ç–∫—Ä—ã—Ç
2021-08-08 08:05:45,832 INFO Lesson2 [main] –ó–∞–∫—Ä—ã–≤–∞–µ–º ChromeDriver –ø–æ—Å–ª–µ —Ç–µ—Å—Ç–∞
2021-08-08 08:16:08,253 INFO Lesson2 [main] –ó–∞–ø—É—Å–∫ ChromeDriver –ø–µ—Ä–µ–¥ —Ç–µ—Å—Ç–æ–º
2021-08-08 08:16:19,026 INFO Lesson2 [main] –û—Ç–∫—Ä—ã–≤–∞–µ–º —Å–∞–π—Ç otus.ru
2021-08-08 08:16:19,689 INFO Lesson2 [main] –ó–∞–∫—Ä—ã–≤–∞–µ–º ChromeDriver –ø–æ—Å–ª–µ —Ç–µ—Å—Ç–∞
2021-08-08 09:22:09,378 INFO Lesson2 [main] –ó–∞–ø—É—Å–∫ ChromeDriver –ø–µ—Ä–µ–¥ —Ç–µ—Å—Ç–æ–º
2021-08-08 09:22:16,466 INFO Lesson2 [main] –û—Ç–∫—Ä—ã–≤–∞–µ–º —Å–∞–π—Ç otus.ru
2021-08-08 09:22:16,514 INFO Lesson2 [main] –ü—Ä–æ–≤–µ—Ä—è–µ–º, —á—Ç–æ —Å–∞–π—Ç –æ—Ç–∫—Ä—ã—Ç
2021-08-08 09:22:16,514 INFO Lesson2 [main] –ó–∞–∫—Ä—ã–≤–∞–µ–º ChromeDriver –ø–æ—Å–ª–µ —Ç–µ—Å—Ç–∞
2021-08-08 09:43:42,360 INFO Lesson2 [main] –ó–∞–ø—É—Å–∫ ChromeDriver –ø–µ—Ä–µ–¥ —Ç–µ—Å—Ç–æ–º
2021-08-08 09:43:49,193 INFO Lesson2 [main] –û—Ç–∫—Ä—ã–≤–∞–µ–º —Å–∞–π—Ç otus.ru
2021-08-08 09:43:49,264 INFO Lesson2 [main] –ü—Ä–æ–≤–µ—Ä—è–µ–º, —á—Ç–æ —Å–∞–π—Ç –æ—Ç–∫—Ä—ã—Ç
2021-08-08 09:43:49,270 INFO Lesson2 [main] –ó–∞–∫—Ä—ã–≤–∞–µ–º ChromeDriver –ø–æ—Å–ª–µ —Ç–µ—Å—Ç–∞
2021-08-08 09:52:15,297 INFO Lesson2 [main] –ó–∞–ø—É—Å–∫ ChromeDriver –ø–µ—Ä–µ–¥ —Ç–µ—Å—Ç–æ–º
2021-08-08 09:52:29,272 INFO Lesson2 [main] –û—Ç–∫—Ä—ã–≤–∞–µ–º —Å–∞–π—Ç otus.ru
2021-08-08 09:52:29,393 INFO Lesson2 [main] –ó–∞–∫—Ä—ã–≤–∞–µ–º ChromeDriver –ø–æ—Å–ª–µ —Ç–µ—Å—Ç–∞
2021-08-08 09:57:23,943 INFO Lesson2 [main] –ó–∞–ø—É—Å–∫ ChromeDriver –ø–µ—Ä–µ–¥ —Ç–µ—Å—Ç–æ–º
2021-08-08 09:57:32,052 INFO Lesson2 [main] –û—Ç–∫—Ä—ã–≤–∞–µ–º —Å–∞–π—Ç otus.ru
2021-08-08 09:57:32,116 INFO Lesson2 [main] –ü—Ä–æ–≤–µ—Ä—è–µ–º, —á—Ç–æ —Å–∞–π—Ç –æ—Ç–∫—Ä—ã—Ç
2021-08-08 09:57:32,123 INFO Lesson2 [main] –ó–∞–∫—Ä—ã–≤–∞–µ–º ChromeDriver –ø–æ—Å–ª–µ —Ç–µ—Å—Ç–∞
2021-08-08 10:04:43,159 INFO Lesson2 [main] –ó–∞–ø—É—Å–∫ ChromeDriver –ø–µ—Ä–µ–¥ —Ç–µ—Å—Ç–æ–º
2021-08-08 10:04:53,240 INFO Lesson2 [main] –û—Ç–∫—Ä—ã–≤–∞–µ–º —Å–∞–π—Ç otus.ru
2021-08-08 10:04:53,271 INFO Lesson2 [main] –ü—Ä–æ–≤–µ—Ä—è–µ–º, —á—Ç–æ —Å–∞–π—Ç –æ—Ç–∫—Ä—ã—Ç
2021-08-08 10:04:53,382 INFO Lesson2 [main] –ó–∞–∫—Ä—ã–≤–∞–µ–º ChromeDriver –ø–æ—Å–ª–µ —Ç–µ—Å—Ç–∞
2021-08-08 10:06:41,724 INFO Lesson2 [main] –ó–∞–ø—É—Å–∫ ChromeDriver –ø–µ—Ä–µ–¥ —Ç–µ—Å—Ç–æ–º
2021-08-08 10:06:47,863 INFO Lesson2 [main] –û—Ç–∫—Ä—ã–≤–∞–µ–º —Å–∞–π—Ç otus.ru
2021-08-08 10:06:48,693 INFO Lesson2 [main] –ü—Ä–æ–≤–µ—Ä—è–µ–º, —á—Ç–æ —Å–∞–π—Ç –æ—Ç–∫—Ä—ã—Ç
2021-08-08 10:06:48,697 INFO Lesson2 [main] –ó–∞–∫—Ä—ã–≤–∞–µ–º ChromeDriver –ø–æ—Å–ª–µ —Ç–µ—Å—Ç–∞
2021-08-08 10:17:56,108 INFO Lesson2 [main] –ó–∞–ø—É—Å–∫ ChromeDriver –ø–µ—Ä–µ–¥ —Ç–µ—Å—Ç–æ–º
2021-08-08 10:18:02,384 INFO Lesson2 [main] –û—Ç–∫—Ä—ã–≤–∞–µ–º —Å–∞–π—Ç otus.ru
2021-08-08 10:18:05,016 INFO Lesson2 [main] –ü—Ä–æ–≤–µ—Ä—è–µ–º, —á—Ç–æ —Å–∞–π—Ç –æ—Ç–∫—Ä—ã—Ç
2021-08-08 10:18:05,019 INFO Lesson2 [main] –ó–∞–∫—Ä—ã–≤–∞–µ–º ChromeDriver –ø–æ—Å–ª–µ —Ç–µ—Å—Ç–∞
2021-08-08 10:20:02,063 INFO Lesson2 [main] –ó–∞–ø—É—Å–∫ ChromeDriver –ø–µ—Ä–µ–¥ —Ç–µ—Å—Ç–æ–º
2021-08-08 10:20:08,305 INFO Lesson2 [main] –û—Ç–∫—Ä—ã–≤–∞–µ–º —Å–∞–π—Ç otus.ru
2021-08-08 10:20:10,958 INFO Lesson2 [main] –ü—Ä–æ–≤–µ—Ä—è–µ–º, —á—Ç–æ —Å–∞–π—Ç –æ—Ç–∫—Ä—ã—Ç
2021-08-08 10:20:10,961 INFO Lesson2 [main] –ó–∞–∫—Ä—ã–≤–∞–µ–º ChromeDriver –ø–æ—Å–ª–µ —Ç–µ—Å—Ç–∞
2021-08-08 10:23:40,917 INFO Lesson2 [main] –ó–∞–ø—É—Å–∫ ChromeDriver –ø–µ—Ä–µ–¥ —Ç–µ—Å—Ç–æ–º
2021-08-08 10:23:51,154 INFO Lesson2 [main] –û—Ç–∫—Ä—ã–≤–∞–µ–º —Å–∞–π—Ç otus.ru
2021-08-08 10:23:54,842 INFO Lesson2 [main] –ü—Ä–æ–≤–µ—Ä—è–µ–º, —á—Ç–æ —Å–∞–π—Ç –æ—Ç–∫—Ä—ã—Ç
2021-08-08 10:23:54,845 INFO Lesson2 [main] –ó–∞–∫—Ä—ã–≤–∞–µ–º ChromeDriver –ø–æ—Å–ª–µ —Ç–µ—Å—Ç–∞
2021-08-08 10:26:03,115 INFO Lesson2 [main] –ó–∞–ø—É—Å–∫ ChromeDriver –ø–µ—Ä–µ–¥ —Ç–µ—Å—Ç–æ–º
2021-08-08 10:26:08,058 INFO Lesson2 [main] –û—Ç–∫—Ä—ã–≤–∞–µ–º —Å–∞–π—Ç otus.ru
2021-08-08 10:26:10,872 INFO Lesson2 [main] –ü—Ä–æ–≤–µ—Ä—è–µ–º, —á—Ç–æ —Å–∞–π—Ç –æ—Ç–∫—Ä—ã—Ç
2021-08-08 10:26:10,875 INFO Lesson2 [main] –ó–∞–∫—Ä—ã–≤–∞–µ–º ChromeDriver –ø–æ—Å–ª–µ —Ç–µ—Å—Ç–∞
2021-08-08 10:28:00,595 INFO Lesson2 [main] «‡ÔÛÒÍ ChromeDriver ÔÂÂ‰ ÚÂÒÚÓÏ
2021-08-08 10:28:06,935 INFO Lesson2 [main] ŒÚÍ˚‚‡ÂÏ Ò‡ÈÚ otus.ru
2021-08-08 10:28:10,624 INFO Lesson2 [main] œÓ‚ÂˇÂÏ, ˜ÚÓ Ò‡ÈÚ ÓÚÍ˚Ú
2021-08-08 10:28:10,627 INFO Lesson2 [main] «‡Í˚‚‡ÂÏ ChromeDriver ÔÓÒÎÂ ÚÂÒÚ‡
2021-08-08 10:33:31,317 INFO Lesson2 [main] «‡ÔÛÒÍ ChromeDriver ÔÂÂ‰ ÚÂÒÚÓÏ
2021-08-08 10:33:37,824 INFO Lesson2 [main] ŒÚÍ˚‚‡ÂÏ Ò‡ÈÚ otus.ru
2021-08-08 10:33:38,790 INFO Lesson2 [main] œÓ‚ÂˇÂÏ, ˜ÚÓ Ò‡ÈÚ ÓÚÍ˚Ú
2021-08-08 10:33:39,306 INFO Lesson2 [main] «‡Í˚‚‡ÂÏ ChromeDriver ÔÓÒÎÂ ÚÂÒÚ‡
2021-08-08 10:50:31,963 INFO Lesson2 [main] –ó–∞–ø—É—Å–∫ ChromeDriver –ø–µ—Ä–µ–¥ —Ç–µ—Å—Ç–æ–º
2021-08-08 10:50:39,057 INFO Lesson2 [main] –û—Ç–∫—Ä—ã–≤–∞–µ–º —Å–∞–π—Ç otus.ru
2021-08-08 10:50:40,543 INFO Lesson2 [main] –ó–∞–∫—Ä—ã–≤–∞–µ–º ChromeDriver –ø–æ—Å–ª–µ —Ç–µ—Å—Ç–∞
2021-08-08 10:55:04,662 INFO Lesson2 [main] –ó–∞–ø—É—Å–∫ ChromeDriver –ø–µ—Ä–µ–¥ —Ç–µ—Å—Ç–æ–º
2021-08-08 10:55:10,264 INFO Lesson2 [main] –û—Ç–∫—Ä—ã–≤–∞–µ–º —Å–∞–π—Ç otus.ru
2021-08-08 10:55:12,335 INFO Lesson2 [main] –ó–∞–∫—Ä—ã–≤–∞–µ–º ChromeDriver –ø–æ—Å–ª–µ —Ç–µ—Å—Ç–∞
2021-08-08 10:59:17,029 INFO Lesson2 [main] –ó–∞–ø—É—Å–∫ ChromeDriver –ø–µ—Ä–µ–¥ —Ç–µ—Å—Ç–æ–º
2021-08-08 10:59:23,113 INFO Lesson2 [main] –û—Ç–∫—Ä—ã–≤–∞–µ–º —Å–∞–π—Ç otus.ru
2021-08-08 10:59:24,536 INFO Lesson2 [main] –ó–∞–∫—Ä—ã–≤–∞–µ–º ChromeDriver –ø–æ—Å–ª–µ —Ç–µ—Å—Ç–∞
2021-08-08 11:05:32,715 INFO Lesson2 [main] –ó–∞–ø—É—Å–∫ ChromeDriver –ø–µ—Ä–µ–¥ —Ç–µ—Å—Ç–æ–º
2021-08-08 11:05:46,766 INFO Lesson2 [main] –û—Ç–∫—Ä—ã–≤–∞–µ–º —Å–∞–π—Ç otus.ru
2021-08-08 11:05:48,792 INFO Lesson2 [main] –ó–∞–∫—Ä—ã–≤–∞–µ–º ChromeDriver –ø–æ—Å–ª–µ —Ç–µ—Å—Ç–∞
2021-08-08 11:11:46,266 INFO Lesson2 [main] –ó–∞–ø—É—Å–∫ ChromeDriver –ø–µ—Ä–µ–¥ —Ç–µ—Å—Ç–æ–º
2021-08-08 11:11:52,055 INFO Lesson2 [main] –û—Ç–∫—Ä—ã–≤–∞–µ–º —Å–∞–π—Ç otus.ru
2021-08-08 11:11:54,112 INFO Lesson2 [main] –ó–∞–∫—Ä—ã–≤–∞–µ–º ChromeDriver –ø–æ—Å–ª–µ —Ç–µ—Å—Ç–∞
2021-08-08 11:18:11,000 INFO Lesson2 [main] –ó–∞–ø—É—Å–∫ ChromeDriver –ø–µ—Ä–µ–¥ —Ç–µ—Å—Ç–æ–º
2021-08-08 11:18:17,224 INFO Lesson2 [main] –û—Ç–∫—Ä—ã–≤–∞–µ–º —Å–∞–π—Ç otus.ru
2021-08-08 11:18:19,028 INFO Lesson2 [main] –ó–∞–∫—Ä—ã–≤–∞–µ–º ChromeDriver –ø–æ—Å–ª–µ —Ç–µ—Å—Ç–∞
2021-08-08 11:19:21,643 INFO Lesson2 [main] –ó–∞–ø—É—Å–∫ ChromeDriver –ø–µ—Ä–µ–¥ —Ç–µ—Å—Ç–æ–º
2021-08-08 11:19:29,692 INFO Lesson2 [main] –û—Ç–∫—Ä—ã–≤–∞–µ–º —Å–∞–π—Ç otus.ru
2021-08-08 11:19:32,250 INFO Lesson2 [main] –ó–∞–∫—Ä—ã–≤–∞–µ–º ChromeDriver –ø–æ—Å–ª–µ —Ç–µ—Å—Ç–∞
2021-08-08 11:22:36,854 INFO Lesson2 [main] –ó–∞–ø—É—Å–∫ ChromeDriver –ø–µ—Ä–µ–¥ —Ç–µ—Å—Ç–æ–º
2021-08-08 11:22:41,749 INFO Lesson2 [main] –û—Ç–∫—Ä—ã–≤–∞–µ–º —Å–∞–π—Ç otus.ru
2021-08-08 11:22:44,410 INFO Lesson2 [main] –ü—Ä–æ–≤–µ—Ä—è–µ–º, —á—Ç–æ —Å–∞–π—Ç –æ—Ç–∫—Ä—ã—Ç
2021-08-08 11:22:44,412 INFO Lesson2 [main] –ó–∞–∫—Ä—ã–≤–∞–µ–º ChromeDriver –ø–æ—Å–ª–µ —Ç–µ—Å—Ç–∞
2021-08-08 11:23:35,960 INFO Lesson2 [main] «‡ÔÛÒÍ ChromeDriver ÔÂÂ‰ ÚÂÒÚÓÏ
2021-08-08 11:23:41,504 INFO Lesson2 [main] ŒÚÍ˚‚‡ÂÏ Ò‡ÈÚ otus.ru
2021-08-08 11:23:42,909 INFO Lesson2 [main] œÓ‚ÂˇÂÏ, ˜ÚÓ Ò‡ÈÚ ÓÚÍ˚Ú
2021-08-08 11:23:43,393 INFO Lesson2 [main] «‡Í˚‚‡ÂÏ ChromeDriver ÔÓÒÎÂ ÚÂÒÚ‡
2021-08-08 11:25:33,936 INFO Lesson2 [main] «‡ÔÛÒÍ ChromeDriver ÔÂÂ‰ ÚÂÒÚÓÏ
2021-08-08 11:25:39,178 INFO Lesson2 [main] ŒÚÍ˚‚‡ÂÏ Ò‡ÈÚ otus.ru
2021-08-08 11:25:40,629 INFO Lesson2 [main] œÓ‚ÂˇÂÏ, ˜ÚÓ Ò‡ÈÚ ÓÚÍ˚Ú
2021-08-08 11:25:41,257 INFO Lesson2 [main] «‡Í˚‚‡ÂÏ ChromeDriver ÔÓÒÎÂ ÚÂÒÚ‡
2021-08-08 13:19:43,573 INFO Lesson7 [main] –ó–∞–ø—É—Å–∫ ChromeDriver –ø–µ—Ä–µ–¥ —Ç–µ—Å—Ç–æ–º
2021-08-08 13:19:43,925 INFO Lesson7 [main] –†–∞–∑–≤–∞—Ä–∞—á–∏–≤–∞–µ–º –æ–∫–Ω–æ  –Ω–∞ –≤–µ—Å—å —ç–∫—Ä–∞–Ω, —Ä–∞–∑–º–µ—Ä –æ–∫–Ω–∞(1382, 744)
2021-08-08 13:19:52,136 INFO Lesson7 [main] –û—Ç–∫—Ä—ã–≤–∞–µ–º —Å–∞–π—Ç otus.ru
2021-08-08 13:19:56,523 INFO Lesson7 [main] –û—Ç–∫—Ä—ã–≤–∞–µ–º —Å–∞–π—Ç otus.ru
2021-08-08 13:20:00,430 INFO Lesson7 [main] –û—Ç–∫—Ä—ã–≤–∞–µ–º —Å–∞–π—Ç otus.ru
2021-08-08 13:20:01,700 INFO Lesson7 [main] –ó–∞–∫—Ä—ã–≤–∞–µ–º ChromeDriver –ø–æ—Å–ª–µ —Ç–µ—Å—Ç–∞
2021-08-08 13:21:31,332 INFO Lesson7 [main] –ó–∞–ø—É—Å–∫ ChromeDriver –ø–µ—Ä–µ–¥ —Ç–µ—Å—Ç–æ–º
2021-08-08 13:21:31,556 INFO Lesson7 [main] –†–∞–∑–≤–∞—Ä–∞—á–∏–≤–∞–µ–º –æ–∫–Ω–æ  –Ω–∞ –≤–µ—Å—å —ç–∫—Ä–∞–Ω, —Ä–∞–∑–º–µ—Ä –æ–∫–Ω–∞(1382, 744)
2021-08-08 13:21:37,497 INFO Lesson7 [main] –û—Ç–∫—Ä—ã–≤–∞–µ–º —Å–∞–π—Ç otus.ru
2021-08-08 13:21:42,818 INFO Lesson7 [main] –û—Ç–∫—Ä—ã–≤–∞–µ–º —Å–∞–π—Ç otus.ru
2021-08-08 13:21:45,648 INFO Lesson7 [main] –û—Ç–∫—Ä—ã–≤–∞–µ–º —Å–∞–π—Ç otus.ru
2021-08-08 13:21:46,650 INFO Lesson7 [main] –ó–∞–∫—Ä—ã–≤–∞–µ–º ChromeDriver –ø–æ—Å–ª–µ —Ç–µ—Å—Ç–∞
2021-08-08 13:22:46,556 INFO Lesson2 [main] –ó–∞–ø—É—Å–∫ ChromeDriver –ø–µ—Ä–µ–¥ —Ç–µ—Å—Ç–æ–º
2021-08-08 13:22:54,316 INFO Lesson2 [main] –û—Ç–∫—Ä—ã–≤–∞–µ–º —Å–∞–π—Ç otus.ru
2021-08-08 13:22:56,935 INFO Lesson2 [main] –ó–∞–∫—Ä—ã–≤–∞–µ–º ChromeDriver –ø–æ—Å–ª–µ —Ç–µ—Å—Ç–∞
2021-08-08 13:29:45,694 INFO Lesson7 [main] –ó–∞–ø—É—Å–∫ ChromeDriver –ø–µ—Ä–µ–¥ —Ç–µ—Å—Ç–æ–º
2021-08-08 13:29:45,990 INFO Lesson7 [main] –†–∞–∑–≤–∞—Ä–∞—á–∏–≤–∞–µ–º –æ–∫–Ω–æ  –Ω–∞ –≤–µ—Å—å —ç–∫—Ä–∞–Ω, —Ä–∞–∑–º–µ—Ä –æ–∫–Ω–∞(1382, 744)
2021-08-08 13:29:55,421 INFO Lesson7 [main] –û—Ç–∫—Ä—ã–≤–∞–µ–º —Å–∞–π—Ç otus.ru
2021-08-08 13:30:00,301 INFO Lesson7 [main] –û—Ç–∫—Ä—ã–≤–∞–µ–º —Å–∞–π—Ç otus.ru
2021-08-08 13:30:03,730 INFO Lesson7 [main] –û—Ç–∫—Ä—ã–≤–∞–µ–º —Å–∞–π—Ç otus.ru
2021-08-08 13:30:04,777 INFO Lesson7 [main] –ó–∞–∫—Ä—ã–≤–∞–µ–º ChromeDriver –ø–æ—Å–ª–µ —Ç–µ—Å—Ç–∞
2021-08-08 13:31:16,665 INFO Lesson2 [main] –ó–∞–ø—É—Å–∫ ChromeDriver –ø–µ—Ä–µ–¥ —Ç–µ—Å—Ç–æ–º
2021-08-08 13:31:22,896 INFO Lesson2 [main] –û—Ç–∫—Ä—ã–≤–∞–µ–º —Å–∞–π—Ç otus.ru
2021-08-08 13:31:24,755 INFO Lesson2 [main] –ó–∞–∫—Ä—ã–≤–∞–µ–º ChromeDriver –ø–æ—Å–ª–µ —Ç–µ—Å—Ç–∞
2021-08-08 16:42:47,731 INFO Lesson2 [main] –ó–∞–ø—É—Å–∫ ChromeDriver –ø–µ—Ä–µ–¥ —Ç–µ—Å—Ç–æ–º
2021-08-08 16:42:59,692 INFO Lesson2 [main] –û—Ç–∫—Ä—ã–≤–∞–µ–º —Å–∞–π—Ç otus.ru
2021-08-08 16:43:01,587 INFO Lesson2 [main] –ó–∞–∫—Ä—ã–≤–∞–µ–º ChromeDriver –ø–æ—Å–ª–µ —Ç–µ—Å—Ç–∞
2021-08-08 16:44:39,905 INFO Lesson2 [main] –ó–∞–ø—É—Å–∫ ChromeDriver –ø–µ—Ä–µ–¥ —Ç–µ—Å—Ç–æ–º
2021-08-08 16:44:46,713 INFO Lesson2 [main] –û—Ç–∫—Ä—ã–≤–∞–µ–º —Å–∞–π—Ç otus.ru
2021-08-08 16:44:48,845 INFO Lesson2 [main] –ó–∞–∫—Ä—ã–≤–∞–µ–º ChromeDriver –ø–æ—Å–ª–µ —Ç–µ—Å—Ç–∞
2021-08-08 16:46:33,881 INFO Lesson2 [main] –ó–∞–ø—É—Å–∫ ChromeDriver –ø–µ—Ä–µ–¥ —Ç–µ—Å—Ç–æ–º
2021-08-08 16:46:39,747 INFO Lesson2 [main] –û—Ç–∫—Ä—ã–≤–∞–µ–º —Å–∞–π—Ç otus.ru
2021-08-08 16:46:41,067 INFO Lesson2 [main] –ó–∞–∫—Ä—ã–≤–∞–µ–º ChromeDriver –ø–æ—Å–ª–µ —Ç–µ—Å—Ç–∞
2021-08-08 16:48:22,971 INFO Lesson2 [main] –†‚Äî–†¬∞–†—ó–°—ì–°–É–†—î ChromeDriver –†—ó–†¬µ–°–Ç–†¬µ–†“ë –°‚Äö–†¬µ–°–É–°‚Äö–†—ï–†—ò
2021-08-08 16:48:29,704 INFO Lesson2 [main] –†—õ–°‚Äö–†—î–°–Ç–°‚Äπ–†–Ü–†¬∞–†¬µ–†—ò –°–É–†¬∞–†‚Ññ–°‚Äö otus.ru
2021-08-08 16:48:32,899 INFO Lesson2 [main] –†‚Äî–†¬∞–†—î–°–Ç–°‚Äπ–†–Ü–†¬∞–†¬µ–†—ò ChromeDriver –†—ó–†—ï–°–É–†¬ª–†¬µ –°‚Äö–†¬µ–°–É–°‚Äö–†¬∞
2021-08-08 16:50:23,130 INFO Lesson2 [main] –†‚Äî–†¬∞–†—ó–°—ì–°–É–†—î ChromeDriver –†—ó–†¬µ–°–Ç–†¬µ–†“ë –°‚Äö–†¬µ–°–É–°‚Äö–†—ï–†—ò
2021-08-08 16:50:29,426 INFO Lesson2 [main] –†—õ–°‚Äö–†—î–°–Ç–°‚Äπ–†–Ü–†¬∞–†¬µ–†—ò –°–É–†¬∞–†‚Ññ–°‚Äö otus.ru
2021-08-08 16:50:33,316 INFO Lesson2 [main] –†‚Äî–†¬∞–†—î–°–Ç–°‚Äπ–†–Ü–†¬∞–†¬µ–†—ò ChromeDriver –†—ó–†—ï–°–É–†¬ª–†¬µ –°‚Äö–†¬µ–°–É–°‚Äö–†¬∞
2021-08-08 16:56:00,878 INFO Lesson2 [main] –ó–∞–ø—É—Å–∫ ChromeDriver –ø–µ—Ä–µ–¥ —Ç–µ—Å—Ç–æ–º
2021-08-08 16:56:07,948 INFO Lesson2 [main] –û—Ç–∫—Ä—ã–≤–∞–µ–º —Å–∞–π—Ç otus.ru
2021-08-08 16:56:12,089 INFO Lesson2 [main] –ü—Ä–æ–≤–µ—Ä—è–µ–º, —á—Ç–æ —Å–∞–π—Ç –æ—Ç–∫—Ä—ã—Ç
2021-08-08 16:56:12,097 INFO Lesson2 [main] –ó–∞–∫—Ä—ã–≤–∞–µ–º ChromeDriver –ø–æ—Å–ª–µ —Ç–µ—Å—Ç–∞
2021-08-08 16:57:47,354 INFO Lesson2 [main] –ó–∞–ø—É—Å–∫ ChromeDriver –ø–µ—Ä–µ–¥ —Ç–µ—Å—Ç–æ–º
2021-08-08 16:57:55,603 INFO Lesson2 [main] –û—Ç–∫—Ä—ã–≤–∞–µ–º —Å–∞–π—Ç otus.ru
2021-08-08 16:57:57,546 INFO Lesson2 [main] –ó–∞–∫—Ä—ã–≤–∞–µ–º ChromeDriver –ø–æ—Å–ª–µ —Ç–µ—Å—Ç–∞
2021-08-08 17:00:26,618 INFO Lesson2 [main] –ó–∞–ø—É—Å–∫ ChromeDriver –ø–µ—Ä–µ–¥ —Ç–µ—Å—Ç–æ–º
2021-08-08 17:00:33,247 INFO Lesson2 [main] –û—Ç–∫—Ä—ã–≤–∞–µ–º —Å–∞–π—Ç otus.ru
2021-08-08 17:00:34,469 INFO Lesson2 [main] –ó–∞–∫—Ä—ã–≤–∞–µ–º ChromeDriver –ø–æ—Å–ª–µ —Ç–µ—Å—Ç–∞
2021-08-08 17:04:22,582 INFO Lesson7 [main] –ó–∞–ø—É—Å–∫ ChromeDriver –ø–µ—Ä–µ–¥ —Ç–µ—Å—Ç–æ–º
2021-08-08 17:04:22,789 INFO Lesson7 [main] –†–∞–∑–≤–∞—Ä–∞—á–∏–≤–∞–µ–º –æ–∫–Ω–æ  –Ω–∞ –≤–µ—Å—å —ç–∫—Ä–∞–Ω, —Ä–∞–∑–º–µ—Ä –æ–∫–Ω–∞(1382, 744)
2021-08-08 17:04:28,470 INFO Lesson7 [main] –û—Ç–∫—Ä—ã–≤–∞–µ–º —Å–∞–π—Ç otus.ru
2021-08-08 17:04:33,036 INFO Lesson7 [main] –û—Ç–∫—Ä—ã–≤–∞–µ–º —Å–∞–π—Ç otus.ru
2021-08-08 17:04:36,769 INFO Lesson7 [main] –û—Ç–∫—Ä—ã–≤–∞–µ–º —Å–∞–π—Ç otus.ru
2021-08-08 17:04:38,031 INFO Lesson7 [main] –ó–∞–∫—Ä—ã–≤–∞–µ–º ChromeDriver –ø–æ—Å–ª–µ —Ç–µ—Å—Ç–∞
2021-08-08 17:12:39,323 INFO Lesson2 [main] –ó–∞–ø—É—Å–∫ ChromeDriver –ø–µ—Ä–µ–¥ —Ç–µ—Å—Ç–æ–º
2021-08-08 17:12:56,427 INFO Lesson2 [main] –û—Ç–∫—Ä—ã–≤–∞–µ–º —Å–∞–π—Ç otus.ru
2021-08-08 17:12:57,632 INFO Lesson2 [main] –ó–∞–∫—Ä—ã–≤–∞–µ–º ChromeDriver –ø–æ—Å–ª–µ —Ç–µ—Å—Ç–∞
2021-08-08 17:14:26,169 INFO Lesson2 [main] –ó–∞–ø—É—Å–∫ ChromeDriver –ø–µ—Ä–µ–¥ —Ç–µ—Å—Ç–æ–º
2021-08-08 17:14:34,436 INFO Lesson2 [main] –û—Ç–∫—Ä—ã–≤–∞–µ–º —Å–∞–π—Ç otus.ru
2021-08-08 17:14:35,604 INFO Lesson2 [main] –ó–∞–∫—Ä—ã–≤–∞–µ–º ChromeDriver –ø–æ—Å–ª–µ —Ç–µ—Å—Ç–∞
2021-08-08 17:19:53,298 INFO Lesson2 [main] –ó–∞–ø—É—Å–∫ ChromeDriver –ø–µ—Ä–µ–¥ —Ç–µ—Å—Ç–æ–º
2021-08-08 17:20:07,807 INFO Lesson2 [main] –û—Ç–∫—Ä—ã–≤–∞–µ–º —Å–∞–π—Ç otus.ru
2021-08-08 17:20:09,613 INFO Lesson2 [main] –ó–∞–∫—Ä—ã–≤–∞–µ–º ChromeDriver –ø–æ—Å–ª–µ —Ç–µ—Å—Ç–∞
2021-08-08 17:21:10,005 INFO Lesson2 [main] –†‚Äî–†¬∞–†—ó–°—ì–°–É–†—î ChromeDriver –†—ó–†¬µ–°–Ç–†¬µ–†“ë –°‚Äö–†¬µ–°–É–°‚Äö–†—ï–†—ò
2021-08-08 17:21:15,647 INFO Lesson2 [main] –†—õ–°‚Äö–†—î–°–Ç–°‚Äπ–†–Ü–†¬∞–†¬µ–†—ò –°–É–†¬∞–†‚Ññ–°‚Äö otus.ru
2021-08-08 17:21:17,519 INFO Lesson2 [main] –†‚Äî–†¬∞–†—î–°–Ç–°‚Äπ–†–Ü–†¬∞–†¬µ–†—ò ChromeDriver –†—ó–†—ï–°–É–†¬ª–†¬µ –°‚Äö–†¬µ–°–É–°‚Äö–†¬∞
2021-08-08 17:22:16,399 INFO Lesson2 [main] –†‚Äî–†¬∞–†—ó–°—ì–°–É–†—î ChromeDriver –†—ó–†¬µ–°–Ç–†¬µ–†“ë –°‚Äö–†¬µ–°–É–°‚Äö–†—ï–†—ò
2021-08-08 17:22:22,525 INFO Lesson2 [main] –†—õ–°‚Äö–†—î–°–Ç–°‚Äπ–†–Ü–†¬∞–†¬µ–†—ò –°–É–†¬∞–†‚Ññ–°‚Äö otus.ru
2021-08-08 17:22:23,886 INFO Lesson2 [main] –†‚Äî–†¬∞–†—î–°–Ç–°‚Äπ–†–Ü–†¬∞–†¬µ–†—ò ChromeDriver –†—ó–†—ï–°–É–†¬ª–†¬µ –°‚Äö–†¬µ–°–É–°‚Äö–†¬∞
2021-08-08 17:23:00,538 INFO Lesson2 [main] –†‚Äî–†¬∞–†—ó–°—ì–°–É–†—î ChromeDriver –†—ó–†¬µ–°–Ç–†¬µ–†“ë –°‚Äö–†¬µ–°–É–°‚Äö–†—ï–†—ò
2021-08-08 17:23:06,717 INFO Lesson2 [main] –†—õ–°‚Äö–†—î–°–Ç–°‚Äπ–†–Ü–†¬∞–†¬µ–†—ò –°–É–†¬∞–†‚Ññ–°‚Äö otus.ru
2021-08-08 17:23:10,579 INFO Lesson2 [main] –†‚Äî–†¬∞–†—î–°–Ç–°‚Äπ–†–Ü–†¬∞–†¬µ–†—ò ChromeDriver –†—ó–†—ï–°–É–†¬ª–†¬µ –°‚Äö–†¬µ–°–É–°‚Äö–†¬∞
2021-08-08 17:24:16,142 INFO Lesson2 [main] –ó–∞–ø—É—Å–∫ ChromeDriver –ø–µ—Ä–µ–¥ —Ç–µ—Å—Ç–æ–º
2021-08-08 17:24:21,301 INFO Lesson2 [main] –û—Ç–∫—Ä—ã–≤–∞–µ–º —Å–∞–π—Ç otus.ru
2021-08-08 17:24:23,097 INFO Lesson2 [main] –ü—Ä–æ–≤–µ—Ä—è–µ–º, —á—Ç–æ —Å–∞–π—Ç –æ—Ç–∫—Ä—ã—Ç
2021-08-08 17:24:23,099 INFO Lesson2 [main] –ó–∞–∫—Ä—ã–≤–∞–µ–º ChromeDriver –ø–æ—Å–ª–µ —Ç–µ—Å—Ç–∞
2021-08-08 17:28:22,759 INFO Lesson2 [main] –ó–∞–ø—É—Å–∫ ChromeDriver –ø–µ—Ä–µ–¥ —Ç–µ—Å—Ç–æ–º
2021-08-08 17:28:29,549 INFO Lesson2 [main] –û—Ç–∫—Ä—ã–≤–∞–µ–º —Å–∞–π—Ç otus.ru
2021-08-08 17:28:31,320 INFO Lesson2 [main] –ó–∞–∫—Ä—ã–≤–∞–µ–º ChromeDriver –ø–æ—Å–ª–µ —Ç–µ—Å—Ç–∞
2021-08-08 17:35:59,836 INFO Lesson2 [main] –†‚Äî–†¬∞–†—ó–°—ì–°–É–†—î ChromeDriver –†—ó–†¬µ–°–Ç–†¬µ–†“ë –°‚Äö–†¬µ–°–É–°‚Äö–†—ï–†—ò
2021-08-08 17:36:05,825 INFO Lesson2 [main] –†—õ–°‚Äö–†—î–°–Ç–°‚Äπ–†–Ü–†¬∞–†¬µ–†—ò –°–É–†¬∞–†‚Ññ–°‚Äö otus.ru
2021-08-08 17:36:07,806 INFO Lesson2 [main] –†‚Äî–†¬∞–†—î–°–Ç–°‚Äπ–†–Ü–†¬∞–†¬µ–†—ò ChromeDriver –†—ó–†—ï–°–É–†¬ª–†¬µ –°‚Äö–†¬µ–°–É–°‚Äö–†¬∞
2021-08-08 17:37:19,312 INFO Lesson2 [main] –ó–∞–ø—É—Å–∫ ChromeDriver –ø–µ—Ä–µ–¥ —Ç–µ—Å—Ç–æ–º
2021-08-08 17:37:25,549 INFO Lesson2 [main] –û—Ç–∫—Ä—ã–≤–∞–µ–º —Å–∞–π—Ç otus.ru
2021-08-08 17:37:27,001 INFO Lesson2 [main] –ó–∞–∫—Ä—ã–≤–∞–µ–º ChromeDriver –ø–æ—Å–ª–µ —Ç–µ—Å—Ç–∞
2021-08-08 17:37:50,853 INFO Lesson2 [main] –†‚Äî–†¬∞–†—ó–°—ì–°–É–†—î ChromeDriver –†—ó–†¬µ–°–Ç–†¬µ–†“ë –°‚Äö–†¬µ–°–É–°‚Äö–†—ï–†—ò
2021-08-08 17:37:55,932 INFO Lesson2 [main] –†—õ–°‚Äö–†—î–°–Ç–°‚Äπ–†–Ü–†¬∞–†¬µ–†—ò –°–É–†¬∞–†‚Ññ–°‚Äö otus.ru
2021-08-08 17:37:58,752 INFO Lesson2 [main] –†‚Äî–†¬∞–†—î–°–Ç–°‚Äπ–†–Ü–†¬∞–†¬µ–†—ò ChromeDriver –†—ó–†—ï–°–É–†¬ª–†¬µ –°‚Äö–†¬µ–°–É–°‚Äö–†¬∞
2021-08-08 17:41:38,330 INFO Lesson2 [main] «‡ÔÛÒÍ ChromeDriver ÔÂÂ‰ ÚÂÒÚÓÏ
2021-08-08 17:41:47,439 INFO Lesson2 [main] ŒÚÍ˚‚‡ÂÏ Ò‡ÈÚ otus.ru
2021-08-08 17:41:49,471 INFO Lesson2 [main] œÓ‚ÂˇÂÏ, ˜ÚÓ Ò‡ÈÚ ÓÚÍ˚Ú
2021-08-08 17:41:50,167 INFO Lesson2 [main] «‡Í˚‚‡ÂÏ ChromeDriver ÔÓÒÎÂ ÚÂÒÚ‡
2021-08-08 17:42:43,849 INFO Lesson2 [main] –ó–∞–ø—É—Å–∫ ChromeDriver –ø–µ—Ä–µ–¥ —Ç–µ—Å—Ç–æ–º
2021-08-08 17:42:49,163 INFO Lesson2 [main] –û—Ç–∫—Ä—ã–≤–∞–µ–º —Å–∞–π—Ç otus.ru
2021-08-08 17:42:51,422 INFO Lesson2 [main] –ü—Ä–æ–≤–µ—Ä—è–µ–º, —á—Ç–æ —Å–∞–π—Ç –æ—Ç–∫—Ä—ã—Ç
2021-08-08 17:42:51,424 INFO Lesson2 [main] –ó–∞–∫—Ä—ã–≤–∞–µ–º ChromeDriver –ø–æ—Å–ª–µ —Ç–µ—Å—Ç–∞
2021-08-08 17:43:56,823 INFO Lesson2 [main] «‡ÔÛÒÍ ChromeDriver ÔÂÂ‰ ÚÂÒÚÓÏ
2021-08-08 17:44:03,136 INFO Lesson2 [main] ŒÚÍ˚‚‡ÂÏ Ò‡ÈÚ otus.ru
2021-08-08 17:44:04,092 INFO Lesson2 [main] œÓ‚ÂˇÂÏ, ˜ÚÓ Ò‡ÈÚ ÓÚÍ˚Ú
2021-08-08 17:44:04,642 INFO Lesson2 [main] «‡Í˚‚‡ÂÏ ChromeDriver ÔÓÒÎÂ ÚÂÒÚ‡
2021-08-08 17:46:34,943 INFO Lesson2 [main] «‡ÔÛÒÍ ChromeDriver ÔÂÂ‰ ÚÂÒÚÓÏ
2021-08-08 17:46:41,615 INFO Lesson2 [main] ŒÚÍ˚‚‡ÂÏ Ò‡ÈÚ otus.ru
2021-08-08 17:46:43,142 INFO Lesson2 [main] œÓ‚ÂˇÂÏ, ˜ÚÓ Ò‡ÈÚ ÓÚÍ˚Ú
2021-08-08 17:46:44,214 INFO Lesson2 [main] «‡Í˚‚‡ÂÏ ChromeDriver ÔÓÒÎÂ ÚÂÒÚ‡
2021-08-08 17:48:30,517 INFO Lesson2 [main] «‡ÔÛÒÍ ChromeDriver ÔÂÂ‰ ÚÂÒÚÓÏ
2021-08-08 17:48:37,402 INFO Lesson2 [main] ŒÚÍ˚‚‡ÂÏ Ò‡ÈÚ otus.ru
2021-08-08 17:48:38,335 INFO Lesson2 [main] œÓ‚ÂˇÂÏ, ˜ÚÓ Ò‡ÈÚ ÓÚÍ˚Ú
2021-08-08 17:48:38,959 INFO Lesson2 [main] «‡Í˚‚‡ÂÏ ChromeDriver ÔÓÒÎÂ ÚÂÒÚ‡
2021-08-08 17:49:38,906 INFO Lesson2 [main] –ó–∞–ø—É—Å–∫ ChromeDriver –ø–µ—Ä–µ–¥ —Ç–µ—Å—Ç–æ–º
2021-08-08 17:49:44,238 INFO Lesson2 [main] –û—Ç–∫—Ä—ã–≤–∞–µ–º —Å–∞–π—Ç otus.ru
2021-08-08 17:49:46,601 INFO Lesson2 [main] –ü—Ä–æ–≤–µ—Ä—è–µ–º, —á—Ç–æ —Å–∞–π—Ç –æ—Ç–∫—Ä—ã—Ç
2021-08-08 17:49:46,604 INFO Lesson2 [main] –ó–∞–∫—Ä—ã–≤–∞–µ–º ChromeDriver –ø–æ—Å–ª–µ —Ç–µ—Å—Ç–∞
2021-08-08 17:53:45,706 INFO Lesson7 [main] «‡ÔÛÒÍ ChromeDriver ÔÂÂ‰ ÚÂÒÚÓÏ
2021-08-08 17:53:45,976 INFO Lesson7 [main] –‡Á‚‡‡˜Ë‚‡ÂÏ ÓÍÌÓ  Ì‡ ‚ÂÒ¸ ˝Í‡Ì, ‡ÁÏÂ ÓÍÌ‡(1382, 744)
2021-08-08 17:53:52,718 INFO Lesson7 [main] ŒÚÍ˚‚‡ÂÏ Ò‡ÈÚ otus.ru
2021-08-08 17:53:53,809 INFO Lesson7 [main] œÓ‚ÂˇÂÏ, ˜ÚÓ Ò‡ÈÚ ÓÚÍ˚Ú
2021-08-08 17:53:57,164 INFO Lesson7 [main] ŒÚÍ˚Ú ‡Á‰ÂÎ FAQ
2021-08-08 17:53:58,503 INFO Lesson7 [main] Õ‡ÊËÏ‡ÂÏ "√‰Â ÔÓÒÏÓÚÂÚ¸ ÔÓ„‡ÏÏÛ ËÌÚÂÂÒÛ˛˘Â„Ó ÍÛÒ‡?"
2021-08-08 17:53:59,766 INFO Lesson7 [main] œÓ‚ÂˇÂÏ ÓÚ‚ÂÚ Ì‡ ‚ÓÔÓÒ
2021-08-08 17:54:04,976 INFO Lesson7 [main] ŒÚÍ˚‚‡ÂÏ Ò‡ÈÚ otus.ru
2021-08-08 17:54:05,860 INFO Lesson7 [main] œÓ‚ÂˇÂÏ, ˜ÚÓ Ò‡ÈÚ ÓÚÍ˚Ú
2021-08-08 17:54:11,098 INFO Lesson7 [main] œÓ‚ÂˇÂÏ.˜ÚÓ ‡‰ÂÒ ‡‚ÂÌ: 125167, „. ÃÓÒÍ‚‡, Õ‡˚¯ÍËÌÒÍ‡ˇ ‡ÎÎÂˇ., ‰. 5, ÒÚ. 2, ÚÂÎ. +7 499 938-92-02
2021-08-08 17:54:13,755 INFO Lesson7 [main] ŒÚÍ˚‚‡ÂÏ Ò‡ÈÚ otus.ru
2021-08-08 17:54:15,617 INFO Lesson7 [main] œÓ‚ÂˇÂÏ, ˜ÚÓ Ò‡ÈÚ ÓÚÍ˚Ú
2021-08-08 17:54:17,050 INFO Lesson7 [main] ¬‚Ó‰ËÏ email ‰Îˇ ÔÓ‰ÔËÒÍË Ì‡ ÌÓ‚ÓÒÚË
2021-08-08 17:54:17,763 INFO Lesson7 [main] Ì‡ÊËÏ‡ÂÏ ÍÌÓÔÍÛ "œÓ‰ÔËÒ‡Ú¸Òˇ"
2021-08-08 17:54:18,427 INFO Lesson7 [main] œÓ‚ÂˇÂÏ, ˜ÚÓ ÔÓ‰ÔËÒÍ‡ ÓÙÓÏÎÂÌ‡ ¬˚ ÛÒÔÂ¯ÌÓ ÔÓ‰ÔËÒ‡ÎËÒ¸
2021-08-08 17:54:18,722 INFO Lesson7 [main] «‡Í˚‚‡ÂÏ ChromeDriver ÔÓÒÎÂ ÚÂÒÚ‡
2021-08-08 18:04:12,236 INFO Lesson7 [main] «‡ÔÛÒÍ ChromeDriver ÔÂÂ‰ ÚÂÒÚÓÏ
2021-08-08 18:04:12,570 INFO Lesson7 [main] –‡Á‚‡‡˜Ë‚‡ÂÏ ÓÍÌÓ  Ì‡ ‚ÂÒ¸ ˝Í‡Ì, ‡ÁÏÂ ÓÍÌ‡(1382, 744)
2021-08-08 18:04:29,439 INFO Lesson7 [main] ŒÚÍ˚‚‡ÂÏ Ò‡ÈÚ otus.ru
2021-08-08 18:04:31,459 INFO Lesson7 [main] œÓ‚ÂˇÂÏ, ˜ÚÓ Ò‡ÈÚ ÓÚÍ˚Ú
2021-08-08 18:04:37,491 INFO Lesson7 [main] œÓ‚ÂˇÂÏ.˜ÚÓ ‡‰ÂÒ ‡‚ÂÌ: 125167, „. ÃÓÒÍ‚‡, Õ‡˚¯ÍËÌÒÍ‡ˇ ‡ÎÎÂˇ., ‰. 5, ÒÚ. 2, ÚÂÎ. +7 499 938-92-02
2021-08-08 18:04:41,378 INFO Lesson7 [main] ŒÚÍ˚‚‡ÂÏ Ò‡ÈÚ otus.ru
2021-08-08 18:04:42,290 INFO Lesson7 [main] œÓ‚ÂˇÂÏ, ˜ÚÓ Ò‡ÈÚ ÓÚÍ˚Ú
2021-08-08 18:04:43,876 INFO Lesson7 [main] ¬‚Ó‰ËÏ email ‰Îˇ ÔÓ‰ÔËÒÍË Ì‡ ÌÓ‚ÓÒÚË
2021-08-08 18:04:44,735 INFO Lesson7 [main] Ì‡ÊËÏ‡ÂÏ ÍÌÓÔÍÛ "œÓ‰ÔËÒ‡Ú¸Òˇ"
2021-08-08 18:04:45,501 INFO Lesson7 [main] œÓ‚ÂˇÂÏ, ˜ÚÓ ÔÓ‰ÔËÒÍ‡ ÓÙÓÏÎÂÌ‡ ¬˚ ÛÒÔÂ¯ÌÓ ÔÓ‰ÔËÒ‡ÎËÒ¸
2021-08-08 18:04:45,836 INFO Lesson7 [main] «‡Í˚‚‡ÂÏ ChromeDriver ÔÓÒÎÂ ÚÂÒÚ‡
